Mar 07, 2012 9:33:55 AM org.apache.catalina.core.AprLifecycleListener init
INFO: The APR based Apache Tomcat Native library which allows optimal performance in production environments was not found on the java.library.path: C:\Program Files\Java\jdk1.7.0_01\bin;C:\Windows\Sun\Java\bin;C:\Windows\system32;C:\Windows;C:\Windows\system32;C:\Windows;C:\Windows\System32\Wbem;C:\Windows\System32\WindowsPowerShell\v1.0\;C:\Program Files (x86)\ATI Technologies\ATI.ACE\Core-Static;C:\Program Files(x86)\apache-maven-3.0.4\bin;C:\Program Files (x86)\Git\cmd;c:\program files (x86)\apache-maven-3.0.4\bin;;.
Mar 07, 2012 9:33:55 AM org.apache.coyote.AbstractProtocol init
INFO: Initializing ProtocolHandler ["http-bio-8080"]
Mar 07, 2012 9:33:55 AM org.apache.coyote.AbstractProtocol init
INFO: Initializing ProtocolHandler ["ajp-bio-8009"]
Mar 07, 2012 9:33:55 AM org.apache.catalina.startup.Catalina load
INFO: Initialization processed in 469 ms
Mar 07, 2012 9:33:55 AM org.apache.catalina.core.StandardService startInternal
INFO: Starting service Catalina
Mar 07, 2012 9:33:55 AM org.apache.catalina.core.StandardEngine startInternal
INFO: Starting Servlet Engine: Apache Tomcat/7.0.22
Mar 07, 2012 9:33:55 AM org.apache.catalina.startup.HostConfig deployDescriptor
INFO: Deploying configuration descriptor InfoRadiator.xml from C:\Users\Tom\project\semradiators2\Tom\Tomcat\conf\Catalina\localhost
Mar 07, 2012 9:33:55 AM org.apache.catalina.startup.HostConfig deployDescriptor
INFO: Deploying configuration descriptor manager.xml from C:\Users\Tom\project\semradiators2\Tom\Tomcat\conf\Catalina\localhost
Mar 07, 2012 9:33:55 AM org.apache.coyote.AbstractProtocol start
INFO: Starting ProtocolHandler ["http-bio-8080"]
Mar 07, 2012 9:33:55 AM org.apache.coyote.AbstractProtocol start
INFO: Starting ProtocolHandler ["ajp-bio-8009"]
Mar 07, 2012 9:33:55 AM org.apache.catalina.startup.Catalina start
INFO: Server startup in 551 ms
Mar 07, 2012 9:33:57 AM org.apache.catalina.startup.HostConfig checkResources
INFO: Undeploying context [/InfoRadiator]
Mar 07, 2012 9:33:57 AM org.apache.catalina.startup.HostConfig deployDescriptor
INFO: Deploying configuration descriptor InfoRadiator.xml from C:\Users\Tom\project\semradiators2\Tom\Tomcat\conf\Catalina\localhost
Mar 07, 2012 9:33:57 AM org.apache.catalina.util.LifecycleBase start
INFO: The start() method was called on component [StandardEngine[Catalina].StandardHost[localhost].StandardContext[/InfoRadiator]] after start() had already been called. The second call will be ignored.
Mar 07, 2012 9:43:47 AM org.apache.catalina.loader.WebappClassLoader clearReferencesThreads
SEVERE: The web application [/InfoRadiator] appears to have started a thread named [MultiThreadedHttpConnectionManager cleanup] but has failed to stop it. This is very likely to create a memory leak.
Mar 07, 2012 9:43:47 AM org.apache.catalina.loader.WebappClassLoader checkThreadLocalMapForLeaks
SEVERE: The web application [/InfoRadiator] created a ThreadLocal with key of type [com.sun.syndication.feed.impl.ToStringBean$1] (value [com.sun.syndication.feed.impl.ToStringBean$1@7d995757]) and a value of type [java.util.Stack] (value [[]]) but failed to remove it when the web application was stopped. Threads are going to be renewed over time to try and avoid a probable memory leak. 
Mar 07, 2012 9:43:47 AM org.apache.catalina.loader.WebappClassLoader checkThreadLocalMapForLeaks
SEVERE: The web application [/InfoRadiator] created a ThreadLocal with key of type [com.sun.syndication.feed.impl.ToStringBean$1] (value [com.sun.syndication.feed.impl.ToStringBean$1@7d995757]) and a value of type [java.util.Stack] (value [[]]) but failed to remove it when the web application was stopped. Threads are going to be renewed over time to try and avoid a probable memory leak. 
Mar 07, 2012 9:43:47 AM org.apache.catalina.loader.WebappClassLoader checkThreadLocalMapForLeaks
SEVERE: The web application [/InfoRadiator] created a ThreadLocal with key of type [com.sun.syndication.feed.impl.ToStringBean$1] (value [com.sun.syndication.feed.impl.ToStringBean$1@7d995757]) and a value of type [java.util.Stack] (value [[]]) but failed to remove it when the web application was stopped. Threads are going to be renewed over time to try and avoid a probable memory leak. 
Mar 07, 2012 9:43:47 AM org.apache.catalina.loader.WebappClassLoader checkThreadLocalMapForLeaks
SEVERE: The web application [/InfoRadiator] created a ThreadLocal with key of type [com.sun.syndication.feed.impl.ToStringBean$1] (value [com.sun.syndication.feed.impl.ToStringBean$1@7d995757]) and a value of type [java.util.Stack] (value [[]]) but failed to remove it when the web application was stopped. Threads are going to be renewed over time to try and avoid a probable memory leak. 
Mar 07, 2012 9:43:47 AM org.apache.catalina.loader.WebappClassLoader checkThreadLocalMapForLeaks
SEVERE: The web application [/InfoRadiator] created a ThreadLocal with key of type [com.sun.syndication.feed.impl.ToStringBean$1] (value [com.sun.syndication.feed.impl.ToStringBean$1@7d995757]) and a value of type [java.util.Stack] (value [[]]) but failed to remove it when the web application was stopped. Threads are going to be renewed over time to try and avoid a probable memory leak. 
Mar 07, 2012 9:43:47 AM org.apache.catalina.loader.WebappClassLoader checkThreadLocalMapForLeaks
SEVERE: The web application [/InfoRadiator] created a ThreadLocal with key of type [com.sun.syndication.feed.impl.ToStringBean$1] (value [com.sun.syndication.feed.impl.ToStringBean$1@7d995757]) and a value of type [java.util.Stack] (value [[]]) but failed to remove it when the web application was stopped. Threads are going to be renewed over time to try and avoid a probable memory leak. 
Mar 07, 2012 9:43:47 AM org.apache.catalina.loader.WebappClassLoader checkThreadLocalMapForLeaks
SEVERE: The web application [/InfoRadiator] created a ThreadLocal with key of type [com.sun.syndication.feed.impl.ToStringBean$1] (value [com.sun.syndication.feed.impl.ToStringBean$1@7d995757]) and a value of type [java.util.Stack] (value [[]]) but failed to remove it when the web application was stopped. Threads are going to be renewed over time to try and avoid a probable memory leak. 
Mar 07, 2012 9:43:47 AM org.apache.catalina.loader.WebappClassLoader checkThreadLocalMapForLeaks
SEVERE: The web application [/InfoRadiator] created a ThreadLocal with key of type [com.sun.syndication.feed.impl.ToStringBean$1] (value [com.sun.syndication.feed.impl.ToStringBean$1@7d995757]) and a value of type [java.util.Stack] (value [[]]) but failed to remove it when the web application was stopped. Threads are going to be renewed over time to try and avoid a probable memory leak. 
Mar 07, 2012 9:43:47 AM org.apache.catalina.loader.WebappClassLoader checkThreadLocalMapForLeaks
SEVERE: The web application [/InfoRadiator] created a ThreadLocal with key of type [com.sun.syndication.feed.impl.ToStringBean$1] (value [com.sun.syndication.feed.impl.ToStringBean$1@7d995757]) and a value of type [java.util.Stack] (value [[]]) but failed to remove it when the web application was stopped. Threads are going to be renewed over time to try and avoid a probable memory leak. 
Mar 07, 2012 9:43:47 AM org.apache.catalina.loader.WebappClassLoader checkThreadLocalMapForLeaks
SEVERE: The web application [/InfoRadiator] created a ThreadLocal with key of type [com.sun.syndication.feed.impl.ToStringBean$1] (value [com.sun.syndication.feed.impl.ToStringBean$1@7d995757]) and a value of type [java.util.Stack] (value [[]]) but failed to remove it when the web application was stopped. Threads are going to be renewed over time to try and avoid a probable memory leak. 
Mar 07, 2012 9:43:48 AM org.apache.catalina.startup.HostConfig checkResources
INFO: Undeploying context [/InfoRadiator]
Mar 07, 2012 9:43:48 AM org.apache.catalina.startup.HostConfig deployDescriptor
INFO: Deploying configuration descriptor InfoRadiator.xml from C:\Users\Tom\project\semradiators2\Tom\Tomcat\conf\Catalina\localhost
Mar 07, 2012 9:43:48 AM org.apache.catalina.util.LifecycleBase start
INFO: The start() method was called on component [StandardEngine[Catalina].StandardHost[localhost].StandardContext[/InfoRadiator]] after start() had already been called. The second call will be ignored.
