Mar 06, 2012 11:17:04 AM org.apache.catalina.core.AprLifecycleListener init
INFO: The APR based Apache Tomcat Native library which allows optimal performance in production environments was not found on the java.library.path: C:\Program Files\Java\jdk1.7.0_01\bin;C:\Windows\Sun\Java\bin;C:\Windows\system32;C:\Windows;C:\Windows\system32;C:\Windows;C:\Windows\System32\Wbem;C:\Windows\System32\WindowsPowerShell\v1.0\;C:\Program Files (x86)\ATI Technologies\ATI.ACE\Core-Static;C:\Program Files(x86)\apache-maven-3.0.4\bin;C:\Program Files (x86)\Git\cmd;c:\program files (x86)\apache-maven-3.0.4\bin;;.
Mar 06, 2012 11:17:05 AM org.apache.coyote.AbstractProtocol init
INFO: Initializing ProtocolHandler ["http-bio-8080"]
Mar 06, 2012 11:17:05 AM org.apache.coyote.AbstractProtocol init
INFO: Initializing ProtocolHandler ["ajp-bio-8009"]
Mar 06, 2012 11:17:05 AM org.apache.coyote.AbstractProtocol init
SEVERE: Failed to initialize end point associated with ProtocolHandler ["ajp-bio-8009"]
java.net.BindException: Address already in use: JVM_Bind <null>:8009
	at org.apache.tomcat.util.net.JIoEndpoint.bind(JIoEndpoint.java:386)
	at org.apache.tomcat.util.net.AbstractEndpoint.init(AbstractEndpoint.java:498)
	at org.apache.coyote.AbstractProtocol.init(AbstractProtocol.java:369)
	at org.apache.catalina.connector.Connector.initInternal(Connector.java:909)
	at org.apache.catalina.util.LifecycleBase.init(LifecycleBase.java:102)
	at org.apache.catalina.core.StandardService.initInternal(StandardService.java:559)
	at org.apache.catalina.util.LifecycleBase.init(LifecycleBase.java:102)
	at org.apache.catalina.core.StandardServer.initInternal(StandardServer.java:781)
	at org.apache.catalina.util.LifecycleBase.init(LifecycleBase.java:102)
	at org.apache.catalina.startup.Catalina.load(Catalina.java:573)
	at org.apache.catalina.startup.Catalina.load(Catalina.java:596)
	at sun.reflect.NativeMethodAccessorImpl.invoke0(Native Method)
	at sun.reflect.NativeMethodAccessorImpl.invoke(NativeMethodAccessorImpl.java:57)
	at sun.reflect.DelegatingMethodAccessorImpl.invoke(DelegatingMethodAccessorImpl.java:43)
	at java.lang.reflect.Method.invoke(Method.java:601)
	at org.apache.catalina.startup.Bootstrap.load(Bootstrap.java:281)
	at org.apache.catalina.startup.Bootstrap.main(Bootstrap.java:449)
Caused by: java.net.BindException: Address already in use: JVM_Bind
	at java.net.DualStackPlainSocketImpl.bind0(Native Method)
	at java.net.DualStackPlainSocketImpl.socketBind(DualStackPlainSocketImpl.java:96)
	at java.net.AbstractPlainSocketImpl.bind(AbstractPlainSocketImpl.java:374)
	at java.net.PlainSocketImpl.bind(PlainSocketImpl.java:175)
	at java.net.ServerSocket.bind(ServerSocket.java:376)
	at java.net.ServerSocket.<init>(ServerSocket.java:237)
	at java.net.ServerSocket.<init>(ServerSocket.java:181)
	at org.apache.tomcat.util.net.DefaultServerSocketFactory.createSocket(DefaultServerSocketFactory.java:48)
	at org.apache.tomcat.util.net.JIoEndpoint.bind(JIoEndpoint.java:373)
	... 16 more

Mar 06, 2012 11:17:05 AM org.apache.catalina.core.StandardService initInternal
SEVERE: Failed to initialize connector [Connector[AJP/1.3-8009]]
org.apache.catalina.LifecycleException: Failed to initialize component [Connector[AJP/1.3-8009]]
	at org.apache.catalina.util.LifecycleBase.init(LifecycleBase.java:106)
	at org.apache.catalina.core.StandardService.initInternal(StandardService.java:559)
	at org.apache.catalina.util.LifecycleBase.init(LifecycleBase.java:102)
	at org.apache.catalina.core.StandardServer.initInternal(StandardServer.java:781)
	at org.apache.catalina.util.LifecycleBase.init(LifecycleBase.java:102)
	at org.apache.catalina.startup.Catalina.load(Catalina.java:573)
	at org.apache.catalina.startup.Catalina.load(Catalina.java:596)
	at sun.reflect.NativeMethodAccessorImpl.invoke0(Native Method)
	at sun.reflect.NativeMethodAccessorImpl.invoke(NativeMethodAccessorImpl.java:57)
	at sun.reflect.DelegatingMethodAccessorImpl.invoke(DelegatingMethodAccessorImpl.java:43)
	at java.lang.reflect.Method.invoke(Method.java:601)
	at org.apache.catalina.startup.Bootstrap.load(Bootstrap.java:281)
	at org.apache.catalina.startup.Bootstrap.main(Bootstrap.java:449)
Caused by: org.apache.catalina.LifecycleException: Protocol handler initialization failed
	at org.apache.catalina.connector.Connector.initInternal(Connector.java:911)
	at org.apache.catalina.util.LifecycleBase.init(LifecycleBase.java:102)
	... 12 more
Caused by: java.net.BindException: Address already in use: JVM_Bind <null>:8009
	at org.apache.tomcat.util.net.JIoEndpoint.bind(JIoEndpoint.java:386)
	at org.apache.tomcat.util.net.AbstractEndpoint.init(AbstractEndpoint.java:498)
	at org.apache.coyote.AbstractProtocol.init(AbstractProtocol.java:369)
	at org.apache.catalina.connector.Connector.initInternal(Connector.java:909)
	... 13 more
Caused by: java.net.BindException: Address already in use: JVM_Bind
	at java.net.DualStackPlainSocketImpl.bind0(Native Method)
	at java.net.DualStackPlainSocketImpl.socketBind(DualStackPlainSocketImpl.java:96)
	at java.net.AbstractPlainSocketImpl.bind(AbstractPlainSocketImpl.java:374)
	at java.net.PlainSocketImpl.bind(PlainSocketImpl.java:175)
	at java.net.ServerSocket.bind(ServerSocket.java:376)
	at java.net.ServerSocket.<init>(ServerSocket.java:237)
	at java.net.ServerSocket.<init>(ServerSocket.java:181)
	at org.apache.tomcat.util.net.DefaultServerSocketFactory.createSocket(DefaultServerSocketFactory.java:48)
	at org.apache.tomcat.util.net.JIoEndpoint.bind(JIoEndpoint.java:373)
	... 16 more

Mar 06, 2012 11:17:05 AM org.apache.catalina.startup.Catalina load
INFO: Initialization processed in 484 ms
Mar 06, 2012 11:17:05 AM org.apache.catalina.core.StandardService startInternal
INFO: Starting service Catalina
Mar 06, 2012 11:17:05 AM org.apache.catalina.core.StandardEngine startInternal
INFO: Starting Servlet Engine: Apache Tomcat/7.0.22
Mar 06, 2012 11:17:05 AM org.apache.catalina.startup.HostConfig deployDescriptor
INFO: Deploying configuration descriptor manager.xml from C:\Users\Tom\project\semradiators2\Tom\Tomcat\conf\Catalina\localhost
Mar 06, 2012 11:17:05 AM org.apache.coyote.AbstractProtocol start
INFO: Starting ProtocolHandler ["http-bio-8080"]
Mar 06, 2012 11:17:05 AM org.apache.catalina.startup.Catalina start
INFO: Server startup in 329 ms
Mar 06, 2012 11:17:05 AM org.apache.catalina.startup.HostConfig deployDescriptor
INFO: Deploying configuration descriptor InfoRadiator.xml from C:\Users\Tom\project\semradiators2\Tom\Tomcat\conf\Catalina\localhost
Mar 06, 2012 11:17:05 AM org.apache.catalina.util.LifecycleBase start
INFO: The start() method was called on component [StandardEngine[Catalina].StandardHost[localhost].StandardContext[/InfoRadiator]] after start() had already been called. The second call will be ignored.
Mar 06, 2012 11:24:37 AM org.apache.catalina.loader.WebappClassLoader clearReferencesThreads
SEVERE: The web application [/InfoRadiator] appears to have started a thread named [MultiThreadedHttpConnectionManager cleanup] but has failed to stop it. This is very likely to create a memory leak.
Mar 06, 2012 11:24:38 AM org.apache.catalina.startup.HostConfig checkResources
INFO: Undeploying context [/InfoRadiator]
Mar 06, 2012 11:24:38 AM org.apache.catalina.startup.HostConfig deployDescriptor
INFO: Deploying configuration descriptor InfoRadiator.xml from C:\Users\Tom\project\semradiators2\Tom\Tomcat\conf\Catalina\localhost
Mar 06, 2012 11:24:38 AM org.apache.catalina.util.LifecycleBase start
INFO: The start() method was called on component [StandardEngine[Catalina].StandardHost[localhost].StandardContext[/InfoRadiator]] after start() had already been called. The second call will be ignored.
Mar 06, 2012 11:24:57 AM org.apache.catalina.loader.WebappClassLoader clearReferencesThreads
SEVERE: The web application [/InfoRadiator] appears to have started a thread named [MultiThreadedHttpConnectionManager cleanup] but has failed to stop it. This is very likely to create a memory leak.
Mar 06, 2012 11:24:58 AM org.apache.catalina.startup.HostConfig checkResources
INFO: Undeploying context [/InfoRadiator]
Mar 06, 2012 11:24:58 AM org.apache.catalina.startup.HostConfig deployDescriptor
INFO: Deploying configuration descriptor InfoRadiator.xml from C:\Users\Tom\project\semradiators2\Tom\Tomcat\conf\Catalina\localhost
Mar 06, 2012 11:24:58 AM org.apache.catalina.util.LifecycleBase start
INFO: The start() method was called on component [StandardEngine[Catalina].StandardHost[localhost].StandardContext[/InfoRadiator]] after start() had already been called. The second call will be ignored.
Mar 06, 2012 11:27:01 AM org.apache.catalina.core.AprLifecycleListener init
INFO: The APR based Apache Tomcat Native library which allows optimal performance in production environments was not found on the java.library.path: C:\Program Files\Java\jdk1.7.0_01\bin;C:\Windows\Sun\Java\bin;C:\Windows\system32;C:\Windows;C:\Windows\system32;C:\Windows;C:\Windows\System32\Wbem;C:\Windows\System32\WindowsPowerShell\v1.0\;C:\Program Files (x86)\ATI Technologies\ATI.ACE\Core-Static;C:\Program Files(x86)\apache-maven-3.0.4\bin;C:\Program Files (x86)\Git\cmd;c:\program files (x86)\apache-maven-3.0.4\bin;;.
Mar 06, 2012 11:27:02 AM org.apache.coyote.AbstractProtocol init
INFO: Initializing ProtocolHandler ["http-bio-8081"]
Mar 06, 2012 11:27:02 AM org.apache.coyote.AbstractProtocol init
INFO: Initializing ProtocolHandler ["ajp-bio-8009"]
Mar 06, 2012 11:27:02 AM org.apache.coyote.AbstractProtocol init
SEVERE: Failed to initialize end point associated with ProtocolHandler ["ajp-bio-8009"]
java.net.BindException: Address already in use: JVM_Bind <null>:8009
	at org.apache.tomcat.util.net.JIoEndpoint.bind(JIoEndpoint.java:386)
	at org.apache.tomcat.util.net.AbstractEndpoint.init(AbstractEndpoint.java:498)
	at org.apache.coyote.AbstractProtocol.init(AbstractProtocol.java:369)
	at org.apache.catalina.connector.Connector.initInternal(Connector.java:909)
	at org.apache.catalina.util.LifecycleBase.init(LifecycleBase.java:102)
	at org.apache.catalina.core.StandardService.initInternal(StandardService.java:559)
	at org.apache.catalina.util.LifecycleBase.init(LifecycleBase.java:102)
	at org.apache.catalina.core.StandardServer.initInternal(StandardServer.java:781)
	at org.apache.catalina.util.LifecycleBase.init(LifecycleBase.java:102)
	at org.apache.catalina.startup.Catalina.load(Catalina.java:573)
	at org.apache.catalina.startup.Catalina.load(Catalina.java:596)
	at sun.reflect.NativeMethodAccessorImpl.invoke0(Native Method)
	at sun.reflect.NativeMethodAccessorImpl.invoke(NativeMethodAccessorImpl.java:57)
	at sun.reflect.DelegatingMethodAccessorImpl.invoke(DelegatingMethodAccessorImpl.java:43)
	at java.lang.reflect.Method.invoke(Method.java:601)
	at org.apache.catalina.startup.Bootstrap.load(Bootstrap.java:281)
	at org.apache.catalina.startup.Bootstrap.main(Bootstrap.java:449)
Caused by: java.net.BindException: Address already in use: JVM_Bind
	at java.net.DualStackPlainSocketImpl.bind0(Native Method)
	at java.net.DualStackPlainSocketImpl.socketBind(DualStackPlainSocketImpl.java:96)
	at java.net.AbstractPlainSocketImpl.bind(AbstractPlainSocketImpl.java:374)
	at java.net.PlainSocketImpl.bind(PlainSocketImpl.java:175)
	at java.net.ServerSocket.bind(ServerSocket.java:376)
	at java.net.ServerSocket.<init>(ServerSocket.java:237)
	at java.net.ServerSocket.<init>(ServerSocket.java:181)
	at org.apache.tomcat.util.net.DefaultServerSocketFactory.createSocket(DefaultServerSocketFactory.java:48)
	at org.apache.tomcat.util.net.JIoEndpoint.bind(JIoEndpoint.java:373)
	... 16 more

Mar 06, 2012 11:27:02 AM org.apache.catalina.core.StandardService initInternal
SEVERE: Failed to initialize connector [Connector[AJP/1.3-8009]]
org.apache.catalina.LifecycleException: Failed to initialize component [Connector[AJP/1.3-8009]]
	at org.apache.catalina.util.LifecycleBase.init(LifecycleBase.java:106)
	at org.apache.catalina.core.StandardService.initInternal(StandardService.java:559)
	at org.apache.catalina.util.LifecycleBase.init(LifecycleBase.java:102)
	at org.apache.catalina.core.StandardServer.initInternal(StandardServer.java:781)
	at org.apache.catalina.util.LifecycleBase.init(LifecycleBase.java:102)
	at org.apache.catalina.startup.Catalina.load(Catalina.java:573)
	at org.apache.catalina.startup.Catalina.load(Catalina.java:596)
	at sun.reflect.NativeMethodAccessorImpl.invoke0(Native Method)
	at sun.reflect.NativeMethodAccessorImpl.invoke(NativeMethodAccessorImpl.java:57)
	at sun.reflect.DelegatingMethodAccessorImpl.invoke(DelegatingMethodAccessorImpl.java:43)
	at java.lang.reflect.Method.invoke(Method.java:601)
	at org.apache.catalina.startup.Bootstrap.load(Bootstrap.java:281)
	at org.apache.catalina.startup.Bootstrap.main(Bootstrap.java:449)
Caused by: org.apache.catalina.LifecycleException: Protocol handler initialization failed
	at org.apache.catalina.connector.Connector.initInternal(Connector.java:911)
	at org.apache.catalina.util.LifecycleBase.init(LifecycleBase.java:102)
	... 12 more
Caused by: java.net.BindException: Address already in use: JVM_Bind <null>:8009
	at org.apache.tomcat.util.net.JIoEndpoint.bind(JIoEndpoint.java:386)
	at org.apache.tomcat.util.net.AbstractEndpoint.init(AbstractEndpoint.java:498)
	at org.apache.coyote.AbstractProtocol.init(AbstractProtocol.java:369)
	at org.apache.catalina.connector.Connector.initInternal(Connector.java:909)
	... 13 more
Caused by: java.net.BindException: Address already in use: JVM_Bind
	at java.net.DualStackPlainSocketImpl.bind0(Native Method)
	at java.net.DualStackPlainSocketImpl.socketBind(DualStackPlainSocketImpl.java:96)
	at java.net.AbstractPlainSocketImpl.bind(AbstractPlainSocketImpl.java:374)
	at java.net.PlainSocketImpl.bind(PlainSocketImpl.java:175)
	at java.net.ServerSocket.bind(ServerSocket.java:376)
	at java.net.ServerSocket.<init>(ServerSocket.java:237)
	at java.net.ServerSocket.<init>(ServerSocket.java:181)
	at org.apache.tomcat.util.net.DefaultServerSocketFactory.createSocket(DefaultServerSocketFactory.java:48)
	at org.apache.tomcat.util.net.JIoEndpoint.bind(JIoEndpoint.java:373)
	... 16 more

Mar 06, 2012 11:27:02 AM org.apache.catalina.startup.Catalina load
INFO: Initialization processed in 465 ms
Mar 06, 2012 11:27:02 AM org.apache.catalina.core.StandardService startInternal
INFO: Starting service Catalina
Mar 06, 2012 11:27:02 AM org.apache.catalina.core.StandardEngine startInternal
INFO: Starting Servlet Engine: Apache Tomcat/7.0.22
Mar 06, 2012 11:27:02 AM org.apache.catalina.startup.HostConfig deployDescriptor
INFO: Deploying configuration descriptor InfoRadiator.xml from C:\Users\Tom\project\semradiators2\Tom\Tomcat\conf\Catalina\localhost
Mar 06, 2012 11:27:02 AM org.apache.catalina.startup.HostConfig deployDescriptor
INFO: Deploying configuration descriptor manager.xml from C:\Users\Tom\project\semradiators2\Tom\Tomcat\conf\Catalina\localhost
Mar 06, 2012 11:27:02 AM org.apache.coyote.AbstractProtocol start
INFO: Starting ProtocolHandler ["http-bio-8081"]
Mar 06, 2012 11:27:02 AM org.apache.catalina.startup.Catalina start
INFO: Server startup in 619 ms
Mar 06, 2012 11:27:02 AM org.apache.catalina.core.StandardServer await
SEVERE: StandardServer.await: create[localhost:8005]: 
java.net.BindException: Address already in use: JVM_Bind
	at java.net.DualStackPlainSocketImpl.bind0(Native Method)
	at java.net.DualStackPlainSocketImpl.socketBind(DualStackPlainSocketImpl.java:96)
	at java.net.AbstractPlainSocketImpl.bind(AbstractPlainSocketImpl.java:374)
	at java.net.PlainSocketImpl.bind(PlainSocketImpl.java:175)
	at java.net.ServerSocket.bind(ServerSocket.java:376)
	at java.net.ServerSocket.<init>(ServerSocket.java:237)
	at org.apache.catalina.core.StandardServer.await(StandardServer.java:422)
	at org.apache.catalina.startup.Catalina.await(Catalina.java:709)
	at org.apache.catalina.startup.Catalina.start(Catalina.java:654)
	at sun.reflect.NativeMethodAccessorImpl.invoke0(Native Method)
	at sun.reflect.NativeMethodAccessorImpl.invoke(NativeMethodAccessorImpl.java:57)
	at sun.reflect.DelegatingMethodAccessorImpl.invoke(DelegatingMethodAccessorImpl.java:43)
	at java.lang.reflect.Method.invoke(Method.java:601)
	at org.apache.catalina.startup.Bootstrap.start(Bootstrap.java:322)
	at org.apache.catalina.startup.Bootstrap.main(Bootstrap.java:450)

Mar 06, 2012 11:27:02 AM org.apache.coyote.AbstractProtocol pause
INFO: Pausing ProtocolHandler ["http-bio-8081"]
Mar 06, 2012 11:27:03 AM org.apache.coyote.AbstractProtocol pause
INFO: Pausing ProtocolHandler ["ajp-bio-8009"]
Mar 06, 2012 11:27:03 AM org.apache.catalina.core.StandardService stopInternal
INFO: Stopping service Catalina
Mar 06, 2012 11:27:03 AM org.apache.coyote.AbstractProtocol stop
INFO: Stopping ProtocolHandler ["http-bio-8081"]
Mar 06, 2012 11:27:03 AM org.apache.coyote.AbstractProtocol destroy
INFO: Destroying ProtocolHandler ["http-bio-8081"]
Mar 06, 2012 11:27:03 AM org.apache.coyote.AbstractProtocol destroy
INFO: Destroying ProtocolHandler ["ajp-bio-8009"]
Mar 06, 2012 11:34:35 AM org.apache.catalina.core.AprLifecycleListener init
INFO: The APR based Apache Tomcat Native library which allows optimal performance in production environments was not found on the java.library.path: C:\Program Files\Java\jdk1.7.0_01\bin;C:\Windows\Sun\Java\bin;C:\Windows\system32;C:\Windows;C:\Windows\system32;C:\Windows;C:\Windows\System32\Wbem;C:\Windows\System32\WindowsPowerShell\v1.0\;C:\Program Files (x86)\ATI Technologies\ATI.ACE\Core-Static;C:\Program Files(x86)\apache-maven-3.0.4\bin;C:\Program Files (x86)\Git\cmd;c:\program files (x86)\apache-maven-3.0.4\bin;;.
Mar 06, 2012 11:34:35 AM org.apache.coyote.AbstractProtocol init
INFO: Initializing ProtocolHandler ["http-bio-8081"]
Mar 06, 2012 11:34:35 AM org.apache.coyote.AbstractProtocol init
INFO: Initializing ProtocolHandler ["ajp-bio-8009"]
Mar 06, 2012 11:34:35 AM org.apache.coyote.AbstractProtocol init
SEVERE: Failed to initialize end point associated with ProtocolHandler ["ajp-bio-8009"]
java.net.BindException: Address already in use: JVM_Bind <null>:8009
	at org.apache.tomcat.util.net.JIoEndpoint.bind(JIoEndpoint.java:386)
	at org.apache.tomcat.util.net.AbstractEndpoint.init(AbstractEndpoint.java:498)
	at org.apache.coyote.AbstractProtocol.init(AbstractProtocol.java:369)
	at org.apache.catalina.connector.Connector.initInternal(Connector.java:909)
	at org.apache.catalina.util.LifecycleBase.init(LifecycleBase.java:102)
	at org.apache.catalina.core.StandardService.initInternal(StandardService.java:559)
	at org.apache.catalina.util.LifecycleBase.init(LifecycleBase.java:102)
	at org.apache.catalina.core.StandardServer.initInternal(StandardServer.java:781)
	at org.apache.catalina.util.LifecycleBase.init(LifecycleBase.java:102)
	at org.apache.catalina.startup.Catalina.load(Catalina.java:573)
	at org.apache.catalina.startup.Catalina.load(Catalina.java:596)
	at sun.reflect.NativeMethodAccessorImpl.invoke0(Native Method)
	at sun.reflect.NativeMethodAccessorImpl.invoke(NativeMethodAccessorImpl.java:57)
	at sun.reflect.DelegatingMethodAccessorImpl.invoke(DelegatingMethodAccessorImpl.java:43)
	at java.lang.reflect.Method.invoke(Method.java:601)
	at org.apache.catalina.startup.Bootstrap.load(Bootstrap.java:281)
	at org.apache.catalina.startup.Bootstrap.main(Bootstrap.java:449)
Caused by: java.net.BindException: Address already in use: JVM_Bind
	at java.net.DualStackPlainSocketImpl.bind0(Native Method)
	at java.net.DualStackPlainSocketImpl.socketBind(DualStackPlainSocketImpl.java:96)
	at java.net.AbstractPlainSocketImpl.bind(AbstractPlainSocketImpl.java:374)
	at java.net.PlainSocketImpl.bind(PlainSocketImpl.java:175)
	at java.net.ServerSocket.bind(ServerSocket.java:376)
	at java.net.ServerSocket.<init>(ServerSocket.java:237)
	at java.net.ServerSocket.<init>(ServerSocket.java:181)
	at org.apache.tomcat.util.net.DefaultServerSocketFactory.createSocket(DefaultServerSocketFactory.java:48)
	at org.apache.tomcat.util.net.JIoEndpoint.bind(JIoEndpoint.java:373)
	... 16 more

Mar 06, 2012 11:34:35 AM org.apache.catalina.core.StandardService initInternal
SEVERE: Failed to initialize connector [Connector[AJP/1.3-8009]]
org.apache.catalina.LifecycleException: Failed to initialize component [Connector[AJP/1.3-8009]]
	at org.apache.catalina.util.LifecycleBase.init(LifecycleBase.java:106)
	at org.apache.catalina.core.StandardService.initInternal(StandardService.java:559)
	at org.apache.catalina.util.LifecycleBase.init(LifecycleBase.java:102)
	at org.apache.catalina.core.StandardServer.initInternal(StandardServer.java:781)
	at org.apache.catalina.util.LifecycleBase.init(LifecycleBase.java:102)
	at org.apache.catalina.startup.Catalina.load(Catalina.java:573)
	at org.apache.catalina.startup.Catalina.load(Catalina.java:596)
	at sun.reflect.NativeMethodAccessorImpl.invoke0(Native Method)
	at sun.reflect.NativeMethodAccessorImpl.invoke(NativeMethodAccessorImpl.java:57)
	at sun.reflect.DelegatingMethodAccessorImpl.invoke(DelegatingMethodAccessorImpl.java:43)
	at java.lang.reflect.Method.invoke(Method.java:601)
	at org.apache.catalina.startup.Bootstrap.load(Bootstrap.java:281)
	at org.apache.catalina.startup.Bootstrap.main(Bootstrap.java:449)
Caused by: org.apache.catalina.LifecycleException: Protocol handler initialization failed
	at org.apache.catalina.connector.Connector.initInternal(Connector.java:911)
	at org.apache.catalina.util.LifecycleBase.init(LifecycleBase.java:102)
	... 12 more
Caused by: java.net.BindException: Address already in use: JVM_Bind <null>:8009
	at org.apache.tomcat.util.net.JIoEndpoint.bind(JIoEndpoint.java:386)
	at org.apache.tomcat.util.net.AbstractEndpoint.init(AbstractEndpoint.java:498)
	at org.apache.coyote.AbstractProtocol.init(AbstractProtocol.java:369)
	at org.apache.catalina.connector.Connector.initInternal(Connector.java:909)
	... 13 more
Caused by: java.net.BindException: Address already in use: JVM_Bind
	at java.net.DualStackPlainSocketImpl.bind0(Native Method)
	at java.net.DualStackPlainSocketImpl.socketBind(DualStackPlainSocketImpl.java:96)
	at java.net.AbstractPlainSocketImpl.bind(AbstractPlainSocketImpl.java:374)
	at java.net.PlainSocketImpl.bind(PlainSocketImpl.java:175)
	at java.net.ServerSocket.bind(ServerSocket.java:376)
	at java.net.ServerSocket.<init>(ServerSocket.java:237)
	at java.net.ServerSocket.<init>(ServerSocket.java:181)
	at org.apache.tomcat.util.net.DefaultServerSocketFactory.createSocket(DefaultServerSocketFactory.java:48)
	at org.apache.tomcat.util.net.JIoEndpoint.bind(JIoEndpoint.java:373)
	... 16 more

Mar 06, 2012 11:34:35 AM org.apache.catalina.startup.Catalina load
INFO: Initialization processed in 488 ms
Mar 06, 2012 11:34:35 AM org.apache.catalina.core.StandardService startInternal
INFO: Starting service Catalina
Mar 06, 2012 11:34:35 AM org.apache.catalina.core.StandardEngine startInternal
INFO: Starting Servlet Engine: Apache Tomcat/7.0.22
Mar 06, 2012 11:34:35 AM org.apache.catalina.startup.HostConfig deployDescriptor
INFO: Deploying configuration descriptor InfoRadiator.xml from C:\Users\Tom\project\semradiators2\Tom\Tomcat\conf\Catalina\localhost
Mar 06, 2012 11:34:35 AM org.apache.catalina.startup.HostConfig deployDescriptor
INFO: Deploying configuration descriptor manager.xml from C:\Users\Tom\project\semradiators2\Tom\Tomcat\conf\Catalina\localhost
Mar 06, 2012 11:34:35 AM org.apache.coyote.AbstractProtocol start
INFO: Starting ProtocolHandler ["http-bio-8081"]
Mar 06, 2012 11:34:35 AM org.apache.catalina.startup.Catalina start
INFO: Server startup in 604 ms
Mar 06, 2012 11:34:35 AM org.apache.catalina.core.StandardServer await
SEVERE: StandardServer.await: create[localhost:8005]: 
java.net.BindException: Address already in use: JVM_Bind
	at java.net.DualStackPlainSocketImpl.bind0(Native Method)
	at java.net.DualStackPlainSocketImpl.socketBind(DualStackPlainSocketImpl.java:96)
	at java.net.AbstractPlainSocketImpl.bind(AbstractPlainSocketImpl.java:374)
	at java.net.PlainSocketImpl.bind(PlainSocketImpl.java:175)
	at java.net.ServerSocket.bind(ServerSocket.java:376)
	at java.net.ServerSocket.<init>(ServerSocket.java:237)
	at org.apache.catalina.core.StandardServer.await(StandardServer.java:422)
	at org.apache.catalina.startup.Catalina.await(Catalina.java:709)
	at org.apache.catalina.startup.Catalina.start(Catalina.java:654)
	at sun.reflect.NativeMethodAccessorImpl.invoke0(Native Method)
	at sun.reflect.NativeMethodAccessorImpl.invoke(NativeMethodAccessorImpl.java:57)
	at sun.reflect.DelegatingMethodAccessorImpl.invoke(DelegatingMethodAccessorImpl.java:43)
	at java.lang.reflect.Method.invoke(Method.java:601)
	at org.apache.catalina.startup.Bootstrap.start(Bootstrap.java:322)
	at org.apache.catalina.startup.Bootstrap.main(Bootstrap.java:450)

Mar 06, 2012 11:34:35 AM org.apache.coyote.AbstractProtocol pause
INFO: Pausing ProtocolHandler ["http-bio-8081"]
Mar 06, 2012 11:34:36 AM org.apache.coyote.AbstractProtocol pause
INFO: Pausing ProtocolHandler ["ajp-bio-8009"]
Mar 06, 2012 11:34:36 AM org.apache.catalina.core.StandardService stopInternal
INFO: Stopping service Catalina
Mar 06, 2012 11:34:36 AM org.apache.coyote.AbstractProtocol stop
INFO: Stopping ProtocolHandler ["http-bio-8081"]
Mar 06, 2012 11:34:36 AM org.apache.coyote.AbstractProtocol destroy
INFO: Destroying ProtocolHandler ["http-bio-8081"]
Mar 06, 2012 11:34:36 AM org.apache.coyote.AbstractProtocol destroy
INFO: Destroying ProtocolHandler ["ajp-bio-8009"]
Mar 06, 2012 11:35:11 AM org.apache.catalina.core.AprLifecycleListener init
INFO: The APR based Apache Tomcat Native library which allows optimal performance in production environments was not found on the java.library.path: C:\Program Files\Java\jdk1.7.0_01\bin;C:\Windows\Sun\Java\bin;C:\Windows\system32;C:\Windows;C:\Windows\system32;C:\Windows;C:\Windows\System32\Wbem;C:\Windows\System32\WindowsPowerShell\v1.0\;C:\Program Files (x86)\ATI Technologies\ATI.ACE\Core-Static;C:\Program Files(x86)\apache-maven-3.0.4\bin;C:\Program Files (x86)\Git\cmd;c:\program files (x86)\apache-maven-3.0.4\bin;;.
Mar 06, 2012 11:35:11 AM org.apache.coyote.AbstractProtocol init
INFO: Initializing ProtocolHandler ["http-bio-8081"]
Mar 06, 2012 11:35:11 AM org.apache.coyote.AbstractProtocol init
INFO: Initializing ProtocolHandler ["ajp-bio-8009"]
Mar 06, 2012 11:35:11 AM org.apache.coyote.AbstractProtocol init
SEVERE: Failed to initialize end point associated with ProtocolHandler ["ajp-bio-8009"]
java.net.BindException: Address already in use: JVM_Bind <null>:8009
	at org.apache.tomcat.util.net.JIoEndpoint.bind(JIoEndpoint.java:386)
	at org.apache.tomcat.util.net.AbstractEndpoint.init(AbstractEndpoint.java:498)
	at org.apache.coyote.AbstractProtocol.init(AbstractProtocol.java:369)
	at org.apache.catalina.connector.Connector.initInternal(Connector.java:909)
	at org.apache.catalina.util.LifecycleBase.init(LifecycleBase.java:102)
	at org.apache.catalina.core.StandardService.initInternal(StandardService.java:559)
	at org.apache.catalina.util.LifecycleBase.init(LifecycleBase.java:102)
	at org.apache.catalina.core.StandardServer.initInternal(StandardServer.java:781)
	at org.apache.catalina.util.LifecycleBase.init(LifecycleBase.java:102)
	at org.apache.catalina.startup.Catalina.load(Catalina.java:573)
	at org.apache.catalina.startup.Catalina.load(Catalina.java:596)
	at sun.reflect.NativeMethodAccessorImpl.invoke0(Native Method)
	at sun.reflect.NativeMethodAccessorImpl.invoke(NativeMethodAccessorImpl.java:57)
	at sun.reflect.DelegatingMethodAccessorImpl.invoke(DelegatingMethodAccessorImpl.java:43)
	at java.lang.reflect.Method.invoke(Method.java:601)
	at org.apache.catalina.startup.Bootstrap.load(Bootstrap.java:281)
	at org.apache.catalina.startup.Bootstrap.main(Bootstrap.java:449)
Caused by: java.net.BindException: Address already in use: JVM_Bind
	at java.net.DualStackPlainSocketImpl.bind0(Native Method)
	at java.net.DualStackPlainSocketImpl.socketBind(DualStackPlainSocketImpl.java:96)
	at java.net.AbstractPlainSocketImpl.bind(AbstractPlainSocketImpl.java:374)
	at java.net.PlainSocketImpl.bind(PlainSocketImpl.java:175)
	at java.net.ServerSocket.bind(ServerSocket.java:376)
	at java.net.ServerSocket.<init>(ServerSocket.java:237)
	at java.net.ServerSocket.<init>(ServerSocket.java:181)
	at org.apache.tomcat.util.net.DefaultServerSocketFactory.createSocket(DefaultServerSocketFactory.java:48)
	at org.apache.tomcat.util.net.JIoEndpoint.bind(JIoEndpoint.java:373)
	... 16 more

Mar 06, 2012 11:35:11 AM org.apache.catalina.core.StandardService initInternal
SEVERE: Failed to initialize connector [Connector[AJP/1.3-8009]]
org.apache.catalina.LifecycleException: Failed to initialize component [Connector[AJP/1.3-8009]]
	at org.apache.catalina.util.LifecycleBase.init(LifecycleBase.java:106)
	at org.apache.catalina.core.StandardService.initInternal(StandardService.java:559)
	at org.apache.catalina.util.LifecycleBase.init(LifecycleBase.java:102)
	at org.apache.catalina.core.StandardServer.initInternal(StandardServer.java:781)
	at org.apache.catalina.util.LifecycleBase.init(LifecycleBase.java:102)
	at org.apache.catalina.startup.Catalina.load(Catalina.java:573)
	at org.apache.catalina.startup.Catalina.load(Catalina.java:596)
	at sun.reflect.NativeMethodAccessorImpl.invoke0(Native Method)
	at sun.reflect.NativeMethodAccessorImpl.invoke(NativeMethodAccessorImpl.java:57)
	at sun.reflect.DelegatingMethodAccessorImpl.invoke(DelegatingMethodAccessorImpl.java:43)
	at java.lang.reflect.Method.invoke(Method.java:601)
	at org.apache.catalina.startup.Bootstrap.load(Bootstrap.java:281)
	at org.apache.catalina.startup.Bootstrap.main(Bootstrap.java:449)
Caused by: org.apache.catalina.LifecycleException: Protocol handler initialization failed
	at org.apache.catalina.connector.Connector.initInternal(Connector.java:911)
	at org.apache.catalina.util.LifecycleBase.init(LifecycleBase.java:102)
	... 12 more
Caused by: java.net.BindException: Address already in use: JVM_Bind <null>:8009
	at org.apache.tomcat.util.net.JIoEndpoint.bind(JIoEndpoint.java:386)
	at org.apache.tomcat.util.net.AbstractEndpoint.init(AbstractEndpoint.java:498)
	at org.apache.coyote.AbstractProtocol.init(AbstractProtocol.java:369)
	at org.apache.catalina.connector.Connector.initInternal(Connector.java:909)
	... 13 more
Caused by: java.net.BindException: Address already in use: JVM_Bind
	at java.net.DualStackPlainSocketImpl.bind0(Native Method)
	at java.net.DualStackPlainSocketImpl.socketBind(DualStackPlainSocketImpl.java:96)
	at java.net.AbstractPlainSocketImpl.bind(AbstractPlainSocketImpl.java:374)
	at java.net.PlainSocketImpl.bind(PlainSocketImpl.java:175)
	at java.net.ServerSocket.bind(ServerSocket.java:376)
	at java.net.ServerSocket.<init>(ServerSocket.java:237)
	at java.net.ServerSocket.<init>(ServerSocket.java:181)
	at org.apache.tomcat.util.net.DefaultServerSocketFactory.createSocket(DefaultServerSocketFactory.java:48)
	at org.apache.tomcat.util.net.JIoEndpoint.bind(JIoEndpoint.java:373)
	... 16 more

Mar 06, 2012 11:35:11 AM org.apache.catalina.startup.Catalina load
INFO: Initialization processed in 479 ms
Mar 06, 2012 11:35:11 AM org.apache.catalina.core.StandardService startInternal
INFO: Starting service Catalina
Mar 06, 2012 11:35:11 AM org.apache.catalina.core.StandardEngine startInternal
INFO: Starting Servlet Engine: Apache Tomcat/7.0.22
Mar 06, 2012 11:35:11 AM org.apache.catalina.startup.HostConfig deployDescriptor
INFO: Deploying configuration descriptor InfoRadiator.xml from C:\Users\Tom\project\semradiators2\Tom\Tomcat\conf\Catalina\localhost
Mar 06, 2012 11:35:12 AM org.apache.catalina.startup.HostConfig deployDescriptor
INFO: Deploying configuration descriptor manager.xml from C:\Users\Tom\project\semradiators2\Tom\Tomcat\conf\Catalina\localhost
Mar 06, 2012 11:35:12 AM org.apache.coyote.AbstractProtocol start
INFO: Starting ProtocolHandler ["http-bio-8081"]
Mar 06, 2012 11:35:12 AM org.apache.catalina.startup.Catalina start
INFO: Server startup in 591 ms
Mar 06, 2012 11:35:12 AM org.apache.catalina.core.StandardServer await
SEVERE: StandardServer.await: create[localhost:8005]: 
java.net.BindException: Address already in use: JVM_Bind
	at java.net.DualStackPlainSocketImpl.bind0(Native Method)
	at java.net.DualStackPlainSocketImpl.socketBind(DualStackPlainSocketImpl.java:96)
	at java.net.AbstractPlainSocketImpl.bind(AbstractPlainSocketImpl.java:374)
	at java.net.PlainSocketImpl.bind(PlainSocketImpl.java:175)
	at java.net.ServerSocket.bind(ServerSocket.java:376)
	at java.net.ServerSocket.<init>(ServerSocket.java:237)
	at org.apache.catalina.core.StandardServer.await(StandardServer.java:422)
	at org.apache.catalina.startup.Catalina.await(Catalina.java:709)
	at org.apache.catalina.startup.Catalina.start(Catalina.java:654)
	at sun.reflect.NativeMethodAccessorImpl.invoke0(Native Method)
	at sun.reflect.NativeMethodAccessorImpl.invoke(NativeMethodAccessorImpl.java:57)
	at sun.reflect.DelegatingMethodAccessorImpl.invoke(DelegatingMethodAccessorImpl.java:43)
	at java.lang.reflect.Method.invoke(Method.java:601)
	at org.apache.catalina.startup.Bootstrap.start(Bootstrap.java:322)
	at org.apache.catalina.startup.Bootstrap.main(Bootstrap.java:450)

Mar 06, 2012 11:35:12 AM org.apache.coyote.AbstractProtocol pause
INFO: Pausing ProtocolHandler ["http-bio-8081"]
Mar 06, 2012 11:35:13 AM org.apache.coyote.AbstractProtocol pause
INFO: Pausing ProtocolHandler ["ajp-bio-8009"]
Mar 06, 2012 11:35:13 AM org.apache.catalina.core.StandardService stopInternal
INFO: Stopping service Catalina
Mar 06, 2012 11:35:13 AM org.apache.coyote.AbstractProtocol stop
INFO: Stopping ProtocolHandler ["http-bio-8081"]
Mar 06, 2012 11:35:13 AM org.apache.coyote.AbstractProtocol destroy
INFO: Destroying ProtocolHandler ["http-bio-8081"]
Mar 06, 2012 11:35:13 AM org.apache.coyote.AbstractProtocol destroy
INFO: Destroying ProtocolHandler ["ajp-bio-8009"]
Mar 06, 2012 11:45:58 AM org.apache.catalina.loader.WebappClassLoader clearReferencesThreads
SEVERE: The web application [/InfoRadiator] appears to have started a thread named [MultiThreadedHttpConnectionManager cleanup] but has failed to stop it. This is very likely to create a memory leak.
Mar 06, 2012 11:45:59 AM org.apache.catalina.startup.HostConfig checkResources
INFO: Undeploying context [/InfoRadiator]
Mar 06, 2012 11:45:59 AM org.apache.catalina.startup.HostConfig deployDescriptor
INFO: Deploying configuration descriptor InfoRadiator.xml from C:\Users\Tom\project\semradiators2\Tom\Tomcat\conf\Catalina\localhost
Mar 06, 2012 11:45:59 AM org.apache.catalina.util.LifecycleBase start
INFO: The start() method was called on component [StandardEngine[Catalina].StandardHost[localhost].StandardContext[/InfoRadiator]] after start() had already been called. The second call will be ignored.
Mar 06, 2012 11:46:15 AM org.apache.catalina.loader.WebappClassLoader clearReferencesThreads
SEVERE: The web application [/InfoRadiator] appears to have started a thread named [MultiThreadedHttpConnectionManager cleanup] but has failed to stop it. This is very likely to create a memory leak.
Mar 06, 2012 11:46:15 AM org.apache.catalina.startup.HostConfig checkResources
INFO: Undeploying context [/InfoRadiator]
Mar 06, 2012 11:46:15 AM org.apache.catalina.startup.HostConfig deployDescriptor
INFO: Deploying configuration descriptor InfoRadiator.xml from C:\Users\Tom\project\semradiators2\Tom\Tomcat\conf\Catalina\localhost
Mar 06, 2012 11:46:16 AM org.apache.catalina.util.LifecycleBase start
INFO: The start() method was called on component [StandardEngine[Catalina].StandardHost[localhost].StandardContext[/InfoRadiator]] after start() had already been called. The second call will be ignored.
Mar 06, 2012 11:46:30 AM org.apache.catalina.startup.HostConfig checkResources
INFO: Undeploying context [/InfoRadiator]
Mar 06, 2012 11:46:30 AM org.apache.catalina.startup.HostConfig deployDescriptor
INFO: Deploying configuration descriptor InfoRadiator.xml from C:\Users\Tom\project\semradiators2\Tom\Tomcat\conf\Catalina\localhost
Mar 06, 2012 11:46:30 AM org.apache.catalina.util.LifecycleBase start
INFO: The start() method was called on component [StandardEngine[Catalina].StandardHost[localhost].StandardContext[/InfoRadiator]] after start() had already been called. The second call will be ignored.
Mar 06, 2012 12:31:21 PM org.apache.catalina.core.StandardServer await
INFO: A valid shutdown command was received via the shutdown port. Stopping the Server instance.
Mar 06, 2012 12:31:21 PM org.apache.coyote.AbstractProtocol pause
INFO: Pausing ProtocolHandler ["http-bio-8080"]
Mar 06, 2012 12:31:22 PM org.apache.coyote.AbstractProtocol pause
INFO: Pausing ProtocolHandler ["ajp-bio-8009"]
Mar 06, 2012 12:31:22 PM org.apache.catalina.core.StandardService stopInternal
INFO: Stopping service Catalina
Mar 06, 2012 12:31:22 PM org.apache.catalina.loader.WebappClassLoader clearReferencesThreads
SEVERE: The web application [/InfoRadiator] appears to have started a thread named [MultiThreadedHttpConnectionManager cleanup] but has failed to stop it. This is very likely to create a memory leak.
Mar 06, 2012 12:31:22 PM org.apache.coyote.AbstractProtocol stop
INFO: Stopping ProtocolHandler ["http-bio-8080"]
Mar 06, 2012 12:31:22 PM org.apache.coyote.AbstractProtocol destroy
INFO: Destroying ProtocolHandler ["http-bio-8080"]
Mar 06, 2012 12:31:22 PM org.apache.coyote.AbstractProtocol destroy
INFO: Destroying ProtocolHandler ["ajp-bio-8009"]
Mar 06, 2012 12:38:14 PM org.apache.catalina.core.AprLifecycleListener init
INFO: The APR based Apache Tomcat Native library which allows optimal performance in production environments was not found on the java.library.path: C:\Program Files\Java\jdk1.7.0_01\bin;C:\Windows\Sun\Java\bin;C:\Windows\system32;C:\Windows;C:\Windows\system32;C:\Windows;C:\Windows\System32\Wbem;C:\Windows\System32\WindowsPowerShell\v1.0\;C:\Program Files (x86)\ATI Technologies\ATI.ACE\Core-Static;C:\Program Files(x86)\apache-maven-3.0.4\bin;C:\Program Files (x86)\Git\cmd;c:\program files (x86)\apache-maven-3.0.4\bin;;.
Mar 06, 2012 12:38:14 PM org.apache.coyote.AbstractProtocol init
INFO: Initializing ProtocolHandler ["http-bio-8080"]
Mar 06, 2012 12:38:14 PM org.apache.coyote.AbstractProtocol init
INFO: Initializing ProtocolHandler ["ajp-bio-8009"]
Mar 06, 2012 12:38:14 PM org.apache.catalina.startup.Catalina load
INFO: Initialization processed in 499 ms
Mar 06, 2012 12:38:14 PM org.apache.catalina.core.StandardService startInternal
INFO: Starting service Catalina
Mar 06, 2012 12:38:14 PM org.apache.catalina.core.StandardEngine startInternal
INFO: Starting Servlet Engine: Apache Tomcat/7.0.22
Mar 06, 2012 12:38:14 PM org.apache.catalina.startup.HostConfig deployDescriptor
INFO: Deploying configuration descriptor InfoRadiator.xml from C:\Users\Tom\project\semradiators2\Tom\Tomcat\conf\Catalina\localhost
Mar 06, 2012 12:38:14 PM org.apache.catalina.startup.HostConfig deployDescriptor
INFO: Deploying configuration descriptor manager.xml from C:\Users\Tom\project\semradiators2\Tom\Tomcat\conf\Catalina\localhost
Mar 06, 2012 12:38:14 PM org.apache.coyote.AbstractProtocol start
INFO: Starting ProtocolHandler ["http-bio-8080"]
Mar 06, 2012 12:38:14 PM org.apache.coyote.AbstractProtocol start
INFO: Starting ProtocolHandler ["ajp-bio-8009"]
Mar 06, 2012 12:38:14 PM org.apache.catalina.startup.Catalina start
INFO: Server startup in 535 ms
Mar 06, 2012 12:38:15 PM org.apache.catalina.startup.HostConfig checkResources
INFO: Undeploying context [/InfoRadiator]
Mar 06, 2012 12:38:15 PM org.apache.catalina.startup.HostConfig deployDescriptor
INFO: Deploying configuration descriptor InfoRadiator.xml from C:\Users\Tom\project\semradiators2\Tom\Tomcat\conf\Catalina\localhost
Mar 06, 2012 12:38:16 PM org.apache.catalina.util.LifecycleBase start
INFO: The start() method was called on component [StandardEngine[Catalina].StandardHost[localhost].StandardContext[/InfoRadiator]] after start() had already been called. The second call will be ignored.
Mar 06, 2012 12:38:55 PM org.apache.catalina.loader.WebappClassLoader clearReferencesThreads
SEVERE: The web application [/InfoRadiator] appears to have started a thread named [MultiThreadedHttpConnectionManager cleanup] but has failed to stop it. This is very likely to create a memory leak.
Mar 06, 2012 12:38:56 PM org.apache.catalina.startup.HostConfig checkResources
INFO: Undeploying context [/InfoRadiator]
Mar 06, 2012 12:38:56 PM org.apache.catalina.startup.HostConfig deployDescriptor
INFO: Deploying configuration descriptor InfoRadiator.xml from C:\Users\Tom\project\semradiators2\Tom\Tomcat\conf\Catalina\localhost
Mar 06, 2012 12:38:56 PM org.apache.catalina.util.LifecycleBase start
INFO: The start() method was called on component [StandardEngine[Catalina].StandardHost[localhost].StandardContext[/InfoRadiator]] after start() had already been called. The second call will be ignored.
Mar 06, 2012 12:45:57 PM org.apache.catalina.loader.WebappClassLoader clearReferencesThreads
SEVERE: The web application [/InfoRadiator] appears to have started a thread named [MultiThreadedHttpConnectionManager cleanup] but has failed to stop it. This is very likely to create a memory leak.
Mar 06, 2012 12:45:58 PM org.apache.catalina.startup.HostConfig checkResources
INFO: Undeploying context [/InfoRadiator]
Mar 06, 2012 12:45:58 PM org.apache.catalina.startup.HostConfig deployDescriptor
INFO: Deploying configuration descriptor InfoRadiator.xml from C:\Users\Tom\project\semradiators2\Tom\Tomcat\conf\Catalina\localhost
Mar 06, 2012 12:45:58 PM org.apache.catalina.util.LifecycleBase start
INFO: The start() method was called on component [StandardEngine[Catalina].StandardHost[localhost].StandardContext[/InfoRadiator]] after start() had already been called. The second call will be ignored.
Mar 06, 2012 12:47:57 PM org.apache.catalina.loader.WebappClassLoader clearReferencesThreads
SEVERE: The web application [/InfoRadiator] appears to have started a thread named [MultiThreadedHttpConnectionManager cleanup] but has failed to stop it. This is very likely to create a memory leak.
Mar 06, 2012 12:47:58 PM org.apache.catalina.startup.HostConfig checkResources
INFO: Undeploying context [/InfoRadiator]
Mar 06, 2012 12:47:58 PM org.apache.catalina.startup.HostConfig deployDescriptor
INFO: Deploying configuration descriptor InfoRadiator.xml from C:\Users\Tom\project\semradiators2\Tom\Tomcat\conf\Catalina\localhost
Mar 06, 2012 12:47:58 PM org.apache.catalina.util.LifecycleBase start
INFO: The start() method was called on component [StandardEngine[Catalina].StandardHost[localhost].StandardContext[/InfoRadiator]] after start() had already been called. The second call will be ignored.
Mar 06, 2012 12:48:25 PM org.apache.catalina.loader.WebappClassLoader clearReferencesThreads
SEVERE: The web application [/InfoRadiator] appears to have started a thread named [MultiThreadedHttpConnectionManager cleanup] but has failed to stop it. This is very likely to create a memory leak.
Mar 06, 2012 12:48:26 PM org.apache.catalina.startup.HostConfig checkResources
INFO: Undeploying context [/InfoRadiator]
Mar 06, 2012 12:48:26 PM org.apache.catalina.startup.HostConfig deployDescriptor
INFO: Deploying configuration descriptor InfoRadiator.xml from C:\Users\Tom\project\semradiators2\Tom\Tomcat\conf\Catalina\localhost
Mar 06, 2012 12:48:26 PM org.apache.catalina.util.LifecycleBase start
INFO: The start() method was called on component [StandardEngine[Catalina].StandardHost[localhost].StandardContext[/InfoRadiator]] after start() had already been called. The second call will be ignored.
Mar 06, 2012 12:48:49 PM org.apache.catalina.loader.WebappClassLoader clearReferencesThreads
SEVERE: The web application [/InfoRadiator] appears to have started a thread named [MultiThreadedHttpConnectionManager cleanup] but has failed to stop it. This is very likely to create a memory leak.
Mar 06, 2012 12:48:50 PM org.apache.catalina.startup.HostConfig checkResources
INFO: Undeploying context [/InfoRadiator]
Mar 06, 2012 12:48:50 PM org.apache.catalina.startup.HostConfig deployDescriptor
INFO: Deploying configuration descriptor InfoRadiator.xml from C:\Users\Tom\project\semradiators2\Tom\Tomcat\conf\Catalina\localhost
Mar 06, 2012 12:48:50 PM org.apache.catalina.util.LifecycleBase start
INFO: The start() method was called on component [StandardEngine[Catalina].StandardHost[localhost].StandardContext[/InfoRadiator]] after start() had already been called. The second call will be ignored.
Mar 06, 2012 12:50:18 PM org.apache.catalina.loader.WebappClassLoader clearReferencesThreads
SEVERE: The web application [/InfoRadiator] appears to have started a thread named [MultiThreadedHttpConnectionManager cleanup] but has failed to stop it. This is very likely to create a memory leak.
Mar 06, 2012 12:50:19 PM org.apache.catalina.startup.HostConfig checkResources
INFO: Undeploying context [/InfoRadiator]
Mar 06, 2012 12:50:19 PM org.apache.catalina.startup.HostConfig deployDescriptor
INFO: Deploying configuration descriptor InfoRadiator.xml from C:\Users\Tom\project\semradiators2\Tom\Tomcat\conf\Catalina\localhost
Mar 06, 2012 12:50:19 PM org.apache.catalina.util.LifecycleBase start
INFO: The start() method was called on component [StandardEngine[Catalina].StandardHost[localhost].StandardContext[/InfoRadiator]] after start() had already been called. The second call will be ignored.
Mar 06, 2012 12:51:50 PM org.apache.catalina.loader.WebappClassLoader clearReferencesThreads
SEVERE: The web application [/InfoRadiator] appears to have started a thread named [MultiThreadedHttpConnectionManager cleanup] but has failed to stop it. This is very likely to create a memory leak.
Mar 06, 2012 12:51:51 PM org.apache.catalina.startup.HostConfig checkResources
INFO: Undeploying context [/InfoRadiator]
Mar 06, 2012 12:51:51 PM org.apache.catalina.startup.HostConfig deployDescriptor
INFO: Deploying configuration descriptor InfoRadiator.xml from C:\Users\Tom\project\semradiators2\Tom\Tomcat\conf\Catalina\localhost
Mar 06, 2012 12:51:51 PM org.apache.catalina.util.LifecycleBase start
INFO: The start() method was called on component [StandardEngine[Catalina].StandardHost[localhost].StandardContext[/InfoRadiator]] after start() had already been called. The second call will be ignored.
Mar 06, 2012 12:57:37 PM org.apache.catalina.loader.WebappClassLoader clearReferencesThreads
SEVERE: The web application [/InfoRadiator] appears to have started a thread named [MultiThreadedHttpConnectionManager cleanup] but has failed to stop it. This is very likely to create a memory leak.
Mar 06, 2012 12:57:38 PM org.apache.catalina.startup.HostConfig checkResources
INFO: Undeploying context [/InfoRadiator]
Mar 06, 2012 12:57:38 PM org.apache.catalina.startup.HostConfig deployDescriptor
INFO: Deploying configuration descriptor InfoRadiator.xml from C:\Users\Tom\project\semradiators2\Tom\Tomcat\conf\Catalina\localhost
Mar 06, 2012 12:57:39 PM org.apache.catalina.util.LifecycleBase start
INFO: The start() method was called on component [StandardEngine[Catalina].StandardHost[localhost].StandardContext[/InfoRadiator]] after start() had already been called. The second call will be ignored.
Mar 06, 2012 12:58:04 PM org.apache.catalina.loader.WebappClassLoader clearReferencesThreads
SEVERE: The web application [/InfoRadiator] appears to have started a thread named [MultiThreadedHttpConnectionManager cleanup] but has failed to stop it. This is very likely to create a memory leak.
Mar 06, 2012 12:58:05 PM org.apache.catalina.startup.HostConfig checkResources
INFO: Undeploying context [/InfoRadiator]
Mar 06, 2012 12:58:05 PM org.apache.catalina.startup.HostConfig deployDescriptor
INFO: Deploying configuration descriptor InfoRadiator.xml from C:\Users\Tom\project\semradiators2\Tom\Tomcat\conf\Catalina\localhost
Mar 06, 2012 12:58:05 PM org.apache.catalina.util.LifecycleBase start
INFO: The start() method was called on component [StandardEngine[Catalina].StandardHost[localhost].StandardContext[/InfoRadiator]] after start() had already been called. The second call will be ignored.
Mar 06, 2012 1:02:58 PM org.apache.catalina.loader.WebappClassLoader clearReferencesThreads
SEVERE: The web application [/InfoRadiator] appears to have started a thread named [MultiThreadedHttpConnectionManager cleanup] but has failed to stop it. This is very likely to create a memory leak.
Mar 06, 2012 1:02:59 PM org.apache.catalina.startup.HostConfig checkResources
INFO: Undeploying context [/InfoRadiator]
Mar 06, 2012 1:02:59 PM org.apache.catalina.startup.HostConfig deployDescriptor
INFO: Deploying configuration descriptor InfoRadiator.xml from C:\Users\Tom\project\semradiators2\Tom\Tomcat\conf\Catalina\localhost
Mar 06, 2012 1:03:00 PM org.apache.catalina.util.LifecycleBase start
INFO: The start() method was called on component [StandardEngine[Catalina].StandardHost[localhost].StandardContext[/InfoRadiator]] after start() had already been called. The second call will be ignored.
Mar 06, 2012 1:14:08 PM org.apache.catalina.core.AprLifecycleListener init
INFO: The APR based Apache Tomcat Native library which allows optimal performance in production environments was not found on the java.library.path: C:\Program Files\Java\jdk1.7.0_01\bin;C:\Windows\Sun\Java\bin;C:\Windows\system32;C:\Windows;C:\Windows\system32;C:\Windows;C:\Windows\System32\Wbem;C:\Windows\System32\WindowsPowerShell\v1.0\;C:\Program Files (x86)\ATI Technologies\ATI.ACE\Core-Static;C:\Program Files(x86)\apache-maven-3.0.4\bin;C:\Program Files (x86)\Git\cmd;c:\program files (x86)\apache-maven-3.0.4\bin;;.
Mar 06, 2012 1:14:08 PM org.apache.coyote.AbstractProtocol init
INFO: Initializing ProtocolHandler ["http-bio-8080"]
Mar 06, 2012 1:14:08 PM org.apache.coyote.AbstractProtocol init
INFO: Initializing ProtocolHandler ["ajp-bio-8009"]
Mar 06, 2012 1:14:08 PM org.apache.catalina.startup.Catalina load
INFO: Initialization processed in 487 ms
Mar 06, 2012 1:14:08 PM org.apache.catalina.core.StandardService startInternal
INFO: Starting service Catalina
Mar 06, 2012 1:14:08 PM org.apache.catalina.core.StandardEngine startInternal
INFO: Starting Servlet Engine: Apache Tomcat/7.0.22
Mar 06, 2012 1:14:08 PM org.apache.catalina.startup.HostConfig deployDescriptor
INFO: Deploying configuration descriptor InfoRadiator.xml from C:\Users\Tom\project\semradiators2\Tom\Tomcat\conf\Catalina\localhost
Mar 06, 2012 1:14:08 PM org.apache.catalina.startup.HostConfig deployDescriptor
INFO: Deploying configuration descriptor manager.xml from C:\Users\Tom\project\semradiators2\Tom\Tomcat\conf\Catalina\localhost
Mar 06, 2012 1:14:08 PM org.apache.coyote.AbstractProtocol start
INFO: Starting ProtocolHandler ["http-bio-8080"]
Mar 06, 2012 1:14:08 PM org.apache.coyote.AbstractProtocol start
INFO: Starting ProtocolHandler ["ajp-bio-8009"]
Mar 06, 2012 1:14:08 PM org.apache.catalina.startup.Catalina start
INFO: Server startup in 498 ms
Mar 06, 2012 1:14:10 PM org.apache.catalina.startup.HostConfig checkResources
INFO: Undeploying context [/InfoRadiator]
Mar 06, 2012 1:14:10 PM org.apache.catalina.startup.HostConfig deployDescriptor
INFO: Deploying configuration descriptor InfoRadiator.xml from C:\Users\Tom\project\semradiators2\Tom\Tomcat\conf\Catalina\localhost
Mar 06, 2012 1:14:10 PM org.apache.catalina.util.LifecycleBase start
INFO: The start() method was called on component [StandardEngine[Catalina].StandardHost[localhost].StandardContext[/InfoRadiator]] after start() had already been called. The second call will be ignored.
Mar 06, 2012 1:15:14 PM org.apache.catalina.startup.HostConfig checkResources
INFO: Undeploying context [/InfoRadiator]
Mar 06, 2012 1:15:14 PM org.apache.catalina.startup.HostConfig deployDescriptor
INFO: Deploying configuration descriptor InfoRadiator.xml from C:\Users\Tom\project\semradiators2\Tom\Tomcat\conf\Catalina\localhost
Mar 06, 2012 1:15:14 PM org.apache.catalina.util.LifecycleBase start
INFO: The start() method was called on component [StandardEngine[Catalina].StandardHost[localhost].StandardContext[/InfoRadiator]] after start() had already been called. The second call will be ignored.
Mar 06, 2012 1:15:41 PM org.apache.catalina.startup.HostConfig checkResources
INFO: Undeploying context [/InfoRadiator]
Mar 06, 2012 1:15:41 PM org.apache.catalina.startup.HostConfig deployDescriptor
INFO: Deploying configuration descriptor InfoRadiator.xml from C:\Users\Tom\project\semradiators2\Tom\Tomcat\conf\Catalina\localhost
Mar 06, 2012 1:15:41 PM org.apache.catalina.util.LifecycleBase start
INFO: The start() method was called on component [StandardEngine[Catalina].StandardHost[localhost].StandardContext[/InfoRadiator]] after start() had already been called. The second call will be ignored.
Mar 06, 2012 1:16:10 PM org.apache.catalina.startup.HostConfig checkResources
INFO: Undeploying context [/InfoRadiator]
Mar 06, 2012 1:16:11 PM org.apache.catalina.startup.HostConfig deployDescriptor
INFO: Deploying configuration descriptor InfoRadiator.xml from C:\Users\Tom\project\semradiators2\Tom\Tomcat\conf\Catalina\localhost
Mar 06, 2012 1:16:11 PM org.apache.catalina.util.LifecycleBase start
INFO: The start() method was called on component [StandardEngine[Catalina].StandardHost[localhost].StandardContext[/InfoRadiator]] after start() had already been called. The second call will be ignored.
Mar 06, 2012 1:17:34 PM org.apache.catalina.startup.HostConfig checkResources
INFO: Undeploying context [/InfoRadiator]
Mar 06, 2012 1:17:34 PM org.apache.catalina.startup.HostConfig deployDescriptor
INFO: Deploying configuration descriptor InfoRadiator.xml from C:\Users\Tom\project\semradiators2\Tom\Tomcat\conf\Catalina\localhost
Mar 06, 2012 1:17:34 PM org.apache.catalina.util.LifecycleBase start
INFO: The start() method was called on component [StandardEngine[Catalina].StandardHost[localhost].StandardContext[/InfoRadiator]] after start() had already been called. The second call will be ignored.
Mar 06, 2012 1:18:37 PM org.apache.catalina.loader.WebappClassLoader clearReferencesThreads
SEVERE: The web application [/InfoRadiator] appears to have started a thread named [MultiThreadedHttpConnectionManager cleanup] but has failed to stop it. This is very likely to create a memory leak.
Mar 06, 2012 1:18:38 PM org.apache.catalina.startup.HostConfig checkResources
INFO: Undeploying context [/InfoRadiator]
Mar 06, 2012 1:18:38 PM org.apache.catalina.startup.HostConfig deployDescriptor
INFO: Deploying configuration descriptor InfoRadiator.xml from C:\Users\Tom\project\semradiators2\Tom\Tomcat\conf\Catalina\localhost
Mar 06, 2012 1:18:39 PM org.apache.catalina.util.LifecycleBase start
INFO: The start() method was called on component [StandardEngine[Catalina].StandardHost[localhost].StandardContext[/InfoRadiator]] after start() had already been called. The second call will be ignored.
Mar 06, 2012 1:24:33 PM org.apache.catalina.startup.HostConfig checkResources
INFO: Undeploying context [/InfoRadiator]
Mar 06, 2012 1:24:33 PM org.apache.catalina.startup.HostConfig deployDescriptor
INFO: Deploying configuration descriptor InfoRadiator.xml from C:\Users\Tom\project\semradiators2\Tom\Tomcat\conf\Catalina\localhost
Mar 06, 2012 1:24:33 PM org.apache.catalina.util.LifecycleBase start
INFO: The start() method was called on component [StandardEngine[Catalina].StandardHost[localhost].StandardContext[/InfoRadiator]] after start() had already been called. The second call will be ignored.
Mar 06, 2012 1:26:21 PM org.apache.catalina.startup.HostConfig checkResources
INFO: Undeploying context [/InfoRadiator]
Mar 06, 2012 1:26:21 PM org.apache.catalina.startup.HostConfig deployDescriptor
INFO: Deploying configuration descriptor InfoRadiator.xml from C:\Users\Tom\project\semradiators2\Tom\Tomcat\conf\Catalina\localhost
Mar 06, 2012 1:26:21 PM org.apache.catalina.util.LifecycleBase start
INFO: The start() method was called on component [StandardEngine[Catalina].StandardHost[localhost].StandardContext[/InfoRadiator]] after start() had already been called. The second call will be ignored.
Mar 06, 2012 1:27:36 PM org.apache.catalina.startup.HostConfig checkResources
INFO: Undeploying context [/InfoRadiator]
Mar 06, 2012 1:27:36 PM org.apache.catalina.startup.HostConfig deployDescriptor
INFO: Deploying configuration descriptor InfoRadiator.xml from C:\Users\Tom\project\semradiators2\Tom\Tomcat\conf\Catalina\localhost
Mar 06, 2012 1:27:36 PM org.apache.catalina.util.LifecycleBase start
INFO: The start() method was called on component [StandardEngine[Catalina].StandardHost[localhost].StandardContext[/InfoRadiator]] after start() had already been called. The second call will be ignored.
Mar 06, 2012 1:41:54 PM org.apache.catalina.startup.HostConfig checkResources
INFO: Undeploying context [/InfoRadiator]
Mar 06, 2012 1:41:54 PM org.apache.catalina.startup.HostConfig deployDescriptor
INFO: Deploying configuration descriptor InfoRadiator.xml from C:\Users\Tom\project\semradiators2\Tom\Tomcat\conf\Catalina\localhost
Mar 06, 2012 1:41:54 PM org.apache.catalina.util.LifecycleBase start
INFO: The start() method was called on component [StandardEngine[Catalina].StandardHost[localhost].StandardContext[/InfoRadiator]] after start() had already been called. The second call will be ignored.
Mar 06, 2012 1:46:32 PM org.apache.catalina.startup.HostConfig checkResources
INFO: Undeploying context [/InfoRadiator]
Mar 06, 2012 1:46:32 PM org.apache.catalina.startup.HostConfig deployDescriptor
INFO: Deploying configuration descriptor InfoRadiator.xml from C:\Users\Tom\project\semradiators2\Tom\Tomcat\conf\Catalina\localhost
Mar 06, 2012 1:46:33 PM org.apache.catalina.util.LifecycleBase start
INFO: The start() method was called on component [StandardEngine[Catalina].StandardHost[localhost].StandardContext[/InfoRadiator]] after start() had already been called. The second call will be ignored.
Mar 06, 2012 1:54:05 PM org.apache.catalina.startup.HostConfig checkResources
INFO: Undeploying context [/InfoRadiator]
Mar 06, 2012 1:54:05 PM org.apache.catalina.startup.HostConfig deployDescriptor
INFO: Deploying configuration descriptor InfoRadiator.xml from C:\Users\Tom\project\semradiators2\Tom\Tomcat\conf\Catalina\localhost
Mar 06, 2012 1:54:05 PM org.apache.catalina.util.LifecycleBase start
INFO: The start() method was called on component [StandardEngine[Catalina].StandardHost[localhost].StandardContext[/InfoRadiator]] after start() had already been called. The second call will be ignored.
Mar 06, 2012 1:54:20 PM org.apache.catalina.startup.HostConfig checkResources
INFO: Undeploying context [/InfoRadiator]
Mar 06, 2012 1:54:20 PM org.apache.catalina.startup.HostConfig deployDescriptor
INFO: Deploying configuration descriptor InfoRadiator.xml from C:\Users\Tom\project\semradiators2\Tom\Tomcat\conf\Catalina\localhost
Mar 06, 2012 1:54:20 PM org.apache.catalina.util.LifecycleBase start
INFO: The start() method was called on component [StandardEngine[Catalina].StandardHost[localhost].StandardContext[/InfoRadiator]] after start() had already been called. The second call will be ignored.
Mar 06, 2012 1:55:16 PM org.apache.catalina.startup.HostConfig checkResources
INFO: Undeploying context [/InfoRadiator]
Mar 06, 2012 1:55:16 PM org.apache.catalina.startup.HostConfig deployDescriptor
INFO: Deploying configuration descriptor InfoRadiator.xml from C:\Users\Tom\project\semradiators2\Tom\Tomcat\conf\Catalina\localhost
Mar 06, 2012 1:55:16 PM org.apache.catalina.util.LifecycleBase start
INFO: The start() method was called on component [StandardEngine[Catalina].StandardHost[localhost].StandardContext[/InfoRadiator]] after start() had already been called. The second call will be ignored.
Mar 06, 2012 1:56:12 PM org.apache.catalina.startup.HostConfig checkResources
INFO: Undeploying context [/InfoRadiator]
Mar 06, 2012 1:56:12 PM org.apache.catalina.startup.HostConfig deployDescriptor
INFO: Deploying configuration descriptor InfoRadiator.xml from C:\Users\Tom\project\semradiators2\Tom\Tomcat\conf\Catalina\localhost
Mar 06, 2012 1:56:12 PM org.apache.catalina.util.LifecycleBase start
INFO: The start() method was called on component [StandardEngine[Catalina].StandardHost[localhost].StandardContext[/InfoRadiator]] after start() had already been called. The second call will be ignored.
Mar 06, 2012 1:56:30 PM org.apache.catalina.startup.HostConfig checkResources
INFO: Undeploying context [/InfoRadiator]
Mar 06, 2012 1:56:30 PM org.apache.catalina.startup.HostConfig deployDescriptor
INFO: Deploying configuration descriptor InfoRadiator.xml from C:\Users\Tom\project\semradiators2\Tom\Tomcat\conf\Catalina\localhost
Mar 06, 2012 1:56:30 PM org.apache.catalina.util.LifecycleBase start
INFO: The start() method was called on component [StandardEngine[Catalina].StandardHost[localhost].StandardContext[/InfoRadiator]] after start() had already been called. The second call will be ignored.
Mar 06, 2012 1:58:16 PM org.apache.catalina.startup.HostConfig checkResources
INFO: Undeploying context [/InfoRadiator]
Mar 06, 2012 1:58:16 PM org.apache.catalina.startup.HostConfig deployDescriptor
INFO: Deploying configuration descriptor InfoRadiator.xml from C:\Users\Tom\project\semradiators2\Tom\Tomcat\conf\Catalina\localhost
Mar 06, 2012 1:58:16 PM org.apache.catalina.util.LifecycleBase start
INFO: The start() method was called on component [StandardEngine[Catalina].StandardHost[localhost].StandardContext[/InfoRadiator]] after start() had already been called. The second call will be ignored.
Mar 06, 2012 1:58:55 PM org.apache.catalina.startup.HostConfig checkResources
INFO: Undeploying context [/InfoRadiator]
Mar 06, 2012 1:58:55 PM org.apache.catalina.startup.HostConfig deployDescriptor
INFO: Deploying configuration descriptor InfoRadiator.xml from C:\Users\Tom\project\semradiators2\Tom\Tomcat\conf\Catalina\localhost
Mar 06, 2012 1:58:55 PM org.apache.catalina.util.LifecycleBase start
INFO: The start() method was called on component [StandardEngine[Catalina].StandardHost[localhost].StandardContext[/InfoRadiator]] after start() had already been called. The second call will be ignored.
Mar 06, 2012 1:59:27 PM org.apache.catalina.startup.HostConfig checkResources
INFO: Undeploying context [/InfoRadiator]
Mar 06, 2012 1:59:27 PM org.apache.catalina.startup.HostConfig deployDescriptor
INFO: Deploying configuration descriptor InfoRadiator.xml from C:\Users\Tom\project\semradiators2\Tom\Tomcat\conf\Catalina\localhost
Mar 06, 2012 1:59:28 PM org.apache.catalina.util.LifecycleBase start
INFO: The start() method was called on component [StandardEngine[Catalina].StandardHost[localhost].StandardContext[/InfoRadiator]] after start() had already been called. The second call will be ignored.
Mar 06, 2012 2:38:38 PM org.apache.catalina.startup.HostConfig checkResources
INFO: Undeploying context [/InfoRadiator]
Mar 06, 2012 2:38:38 PM org.apache.catalina.startup.HostConfig deployDescriptor
INFO: Deploying configuration descriptor InfoRadiator.xml from C:\Users\Tom\project\semradiators2\Tom\Tomcat\conf\Catalina\localhost
Mar 06, 2012 2:38:38 PM org.apache.catalina.util.LifecycleBase start
INFO: The start() method was called on component [StandardEngine[Catalina].StandardHost[localhost].StandardContext[/InfoRadiator]] after start() had already been called. The second call will be ignored.
Mar 06, 2012 2:55:50 PM org.apache.catalina.startup.HostConfig checkResources
INFO: Undeploying context [/InfoRadiator]
Mar 06, 2012 2:55:50 PM org.apache.catalina.startup.HostConfig deployDescriptor
INFO: Deploying configuration descriptor InfoRadiator.xml from C:\Users\Tom\project\semradiators2\Tom\Tomcat\conf\Catalina\localhost
Mar 06, 2012 2:55:50 PM org.apache.catalina.util.LifecycleBase start
INFO: The start() method was called on component [StandardEngine[Catalina].StandardHost[localhost].StandardContext[/InfoRadiator]] after start() had already been called. The second call will be ignored.
Mar 06, 2012 3:09:45 PM org.apache.catalina.startup.HostConfig checkResources
INFO: Undeploying context [/InfoRadiator]
Mar 06, 2012 3:09:45 PM org.apache.catalina.startup.HostConfig deployDescriptor
INFO: Deploying configuration descriptor InfoRadiator.xml from C:\Users\Tom\project\semradiators2\Tom\Tomcat\conf\Catalina\localhost
Mar 06, 2012 3:09:45 PM org.apache.catalina.util.LifecycleBase start
INFO: The start() method was called on component [StandardEngine[Catalina].StandardHost[localhost].StandardContext[/InfoRadiator]] after start() had already been called. The second call will be ignored.
Mar 06, 2012 3:33:37 PM org.apache.catalina.startup.HostConfig checkResources
INFO: Undeploying context [/InfoRadiator]
Mar 06, 2012 3:33:37 PM org.apache.catalina.startup.HostConfig deployDescriptor
INFO: Deploying configuration descriptor InfoRadiator.xml from C:\Users\Tom\project\semradiators2\Tom\Tomcat\conf\Catalina\localhost
Mar 06, 2012 3:33:37 PM org.apache.catalina.util.LifecycleBase start
INFO: The start() method was called on component [StandardEngine[Catalina].StandardHost[localhost].StandardContext[/InfoRadiator]] after start() had already been called. The second call will be ignored.
Mar 06, 2012 3:34:43 PM org.apache.catalina.startup.HostConfig checkResources
INFO: Undeploying context [/InfoRadiator]
Mar 06, 2012 3:34:43 PM org.apache.catalina.startup.HostConfig deployDescriptor
INFO: Deploying configuration descriptor InfoRadiator.xml from C:\Users\Tom\project\semradiators2\Tom\Tomcat\conf\Catalina\localhost
Mar 06, 2012 3:34:43 PM org.apache.catalina.util.LifecycleBase start
INFO: The start() method was called on component [StandardEngine[Catalina].StandardHost[localhost].StandardContext[/InfoRadiator]] after start() had already been called. The second call will be ignored.
Mar 06, 2012 3:36:17 PM org.apache.catalina.startup.HostConfig checkResources
INFO: Undeploying context [/InfoRadiator]
Mar 06, 2012 3:36:17 PM org.apache.catalina.startup.HostConfig deployDescriptor
INFO: Deploying configuration descriptor InfoRadiator.xml from C:\Users\Tom\project\semradiators2\Tom\Tomcat\conf\Catalina\localhost
Mar 06, 2012 3:36:17 PM org.apache.catalina.util.LifecycleBase start
INFO: The start() method was called on component [StandardEngine[Catalina].StandardHost[localhost].StandardContext[/InfoRadiator]] after start() had already been called. The second call will be ignored.
Mar 06, 2012 3:36:53 PM org.apache.catalina.startup.HostConfig checkResources
INFO: Undeploying context [/InfoRadiator]
Mar 06, 2012 3:36:53 PM org.apache.catalina.startup.HostConfig deployDescriptor
INFO: Deploying configuration descriptor InfoRadiator.xml from C:\Users\Tom\project\semradiators2\Tom\Tomcat\conf\Catalina\localhost
Mar 06, 2012 3:36:54 PM org.apache.catalina.util.LifecycleBase start
INFO: The start() method was called on component [StandardEngine[Catalina].StandardHost[localhost].StandardContext[/InfoRadiator]] after start() had already been called. The second call will be ignored.
Mar 06, 2012 3:38:35 PM org.apache.catalina.startup.HostConfig checkResources
INFO: Undeploying context [/InfoRadiator]
Mar 06, 2012 3:38:35 PM org.apache.catalina.startup.HostConfig deployDescriptor
INFO: Deploying configuration descriptor InfoRadiator.xml from C:\Users\Tom\project\semradiators2\Tom\Tomcat\conf\Catalina\localhost
Mar 06, 2012 3:38:35 PM org.apache.catalina.util.LifecycleBase start
INFO: The start() method was called on component [StandardEngine[Catalina].StandardHost[localhost].StandardContext[/InfoRadiator]] after start() had already been called. The second call will be ignored.
Mar 06, 2012 3:42:59 PM org.apache.catalina.loader.WebappClassLoader clearReferencesThreads
SEVERE: The web application [/InfoRadiator] appears to have started a thread named [MultiThreadedHttpConnectionManager cleanup] but has failed to stop it. This is very likely to create a memory leak.
Mar 06, 2012 3:42:59 PM org.apache.catalina.loader.WebappClassLoader checkThreadLocalMapForLeaks
SEVERE: The web application [/InfoRadiator] created a ThreadLocal with key of type [com.sun.syndication.feed.impl.ToStringBean$1] (value [com.sun.syndication.feed.impl.ToStringBean$1@9484766]) and a value of type [java.util.Stack] (value [[]]) but failed to remove it when the web application was stopped. Threads are going to be renewed over time to try and avoid a probable memory leak. 
Mar 06, 2012 3:43:00 PM org.apache.catalina.startup.HostConfig checkResources
INFO: Undeploying context [/InfoRadiator]
Mar 06, 2012 3:43:00 PM org.apache.catalina.startup.HostConfig deployDescriptor
INFO: Deploying configuration descriptor InfoRadiator.xml from C:\Users\Tom\project\semradiators2\Tom\Tomcat\conf\Catalina\localhost
Mar 06, 2012 3:43:00 PM org.apache.catalina.util.LifecycleBase start
INFO: The start() method was called on component [StandardEngine[Catalina].StandardHost[localhost].StandardContext[/InfoRadiator]] after start() had already been called. The second call will be ignored.
Mar 06, 2012 5:08:35 PM org.apache.catalina.loader.WebappClassLoader clearReferencesThreads
SEVERE: The web application [/InfoRadiator] appears to have started a thread named [MultiThreadedHttpConnectionManager cleanup] but has failed to stop it. This is very likely to create a memory leak.
Mar 06, 2012 5:08:36 PM org.apache.catalina.startup.HostConfig checkResources
INFO: Undeploying context [/InfoRadiator]
Mar 06, 2012 5:08:36 PM org.apache.catalina.startup.HostConfig deployDescriptor
INFO: Deploying configuration descriptor InfoRadiator.xml from C:\Users\Tom\project\semradiators2\Tom\Tomcat\conf\Catalina\localhost
Mar 06, 2012 5:08:36 PM org.apache.catalina.util.LifecycleBase start
INFO: The start() method was called on component [StandardEngine[Catalina].StandardHost[localhost].StandardContext[/InfoRadiator]] after start() had already been called. The second call will be ignored.
Mar 06, 2012 5:15:57 PM org.apache.catalina.loader.WebappClassLoader clearReferencesThreads
SEVERE: The web application [/InfoRadiator] appears to have started a thread named [MultiThreadedHttpConnectionManager cleanup] but has failed to stop it. This is very likely to create a memory leak.
Mar 06, 2012 5:15:57 PM org.apache.catalina.loader.WebappClassLoader checkThreadLocalMapForLeaks
SEVERE: The web application [/InfoRadiator] created a ThreadLocal with key of type [com.sun.syndication.feed.impl.ToStringBean$1] (value [com.sun.syndication.feed.impl.ToStringBean$1@7850fb95]) and a value of type [java.util.Stack] (value [[]]) but failed to remove it when the web application was stopped. Threads are going to be renewed over time to try and avoid a probable memory leak. 
Mar 06, 2012 5:15:58 PM org.apache.catalina.startup.HostConfig checkResources
INFO: Undeploying context [/InfoRadiator]
Mar 06, 2012 5:15:58 PM org.apache.catalina.startup.HostConfig deployDescriptor
INFO: Deploying configuration descriptor InfoRadiator.xml from C:\Users\Tom\project\semradiators2\Tom\Tomcat\conf\Catalina\localhost
Mar 06, 2012 5:15:58 PM org.apache.catalina.util.LifecycleBase start
INFO: The start() method was called on component [StandardEngine[Catalina].StandardHost[localhost].StandardContext[/InfoRadiator]] after start() had already been called. The second call will be ignored.
Mar 06, 2012 5:17:30 PM org.apache.catalina.startup.HostConfig checkResources
INFO: Undeploying context [/InfoRadiator]
Mar 06, 2012 5:17:30 PM org.apache.catalina.startup.HostConfig deployDescriptor
INFO: Deploying configuration descriptor InfoRadiator.xml from C:\Users\Tom\project\semradiators2\Tom\Tomcat\conf\Catalina\localhost
Mar 06, 2012 5:17:30 PM org.apache.catalina.util.LifecycleBase start
INFO: The start() method was called on component [StandardEngine[Catalina].StandardHost[localhost].StandardContext[/InfoRadiator]] after start() had already been called. The second call will be ignored.
Mar 06, 2012 5:22:31 PM org.apache.catalina.startup.HostConfig checkResources
INFO: Undeploying context [/InfoRadiator]
Mar 06, 2012 5:22:31 PM org.apache.catalina.startup.HostConfig deployDescriptor
INFO: Deploying configuration descriptor InfoRadiator.xml from C:\Users\Tom\project\semradiators2\Tom\Tomcat\conf\Catalina\localhost
Mar 06, 2012 5:22:31 PM org.apache.catalina.util.LifecycleBase start
INFO: The start() method was called on component [StandardEngine[Catalina].StandardHost[localhost].StandardContext[/InfoRadiator]] after start() had already been called. The second call will be ignored.
Mar 06, 2012 5:23:23 PM org.apache.catalina.loader.WebappClassLoader clearReferencesThreads
SEVERE: The web application [/InfoRadiator] appears to have started a thread named [MultiThreadedHttpConnectionManager cleanup] but has failed to stop it. This is very likely to create a memory leak.
Mar 06, 2012 5:23:23 PM org.apache.catalina.startup.HostConfig checkResources
INFO: Undeploying context [/InfoRadiator]
Mar 06, 2012 5:23:33 PM org.apache.catalina.startup.HostConfig deployDescriptor
INFO: Deploying configuration descriptor InfoRadiator.xml from C:\Users\Tom\project\semradiators2\Tom\Tomcat\conf\Catalina\localhost
Mar 06, 2012 5:23:33 PM org.apache.catalina.util.LifecycleBase start
INFO: The start() method was called on component [StandardEngine[Catalina].StandardHost[localhost].StandardContext[/InfoRadiator]] after start() had already been called. The second call will be ignored.
Mar 06, 2012 5:23:46 PM org.apache.catalina.core.StandardServer await
INFO: A valid shutdown command was received via the shutdown port. Stopping the Server instance.
Mar 06, 2012 5:23:46 PM org.apache.coyote.AbstractProtocol pause
INFO: Pausing ProtocolHandler ["http-bio-8080"]
Mar 06, 2012 5:23:47 PM org.apache.coyote.AbstractProtocol pause
INFO: Pausing ProtocolHandler ["ajp-bio-8009"]
Mar 06, 2012 5:23:48 PM org.apache.catalina.core.StandardService stopInternal
INFO: Stopping service Catalina
Mar 06, 2012 5:23:48 PM org.apache.coyote.AbstractProtocol stop
INFO: Stopping ProtocolHandler ["http-bio-8080"]
Mar 06, 2012 5:23:48 PM org.apache.coyote.AbstractProtocol stop
INFO: Stopping ProtocolHandler ["ajp-bio-8009"]
Mar 06, 2012 5:23:48 PM org.apache.coyote.AbstractProtocol destroy
INFO: Destroying ProtocolHandler ["http-bio-8080"]
Mar 06, 2012 5:23:48 PM org.apache.coyote.AbstractProtocol destroy
INFO: Destroying ProtocolHandler ["ajp-bio-8009"]
Mar 06, 2012 5:24:16 PM org.apache.catalina.core.AprLifecycleListener init
INFO: The APR based Apache Tomcat Native library which allows optimal performance in production environments was not found on the java.library.path: C:\Program Files\Java\jdk1.7.0_01\bin;C:\Windows\Sun\Java\bin;C:\Windows\system32;C:\Windows;C:\Windows\system32;C:\Windows;C:\Windows\System32\Wbem;C:\Windows\System32\WindowsPowerShell\v1.0\;C:\Program Files (x86)\ATI Technologies\ATI.ACE\Core-Static;C:\Program Files(x86)\apache-maven-3.0.4\bin;C:\Program Files (x86)\Git\cmd;c:\program files (x86)\apache-maven-3.0.4\bin;;.
Mar 06, 2012 5:24:16 PM org.apache.coyote.AbstractProtocol init
INFO: Initializing ProtocolHandler ["http-bio-8080"]
Mar 06, 2012 5:24:16 PM org.apache.coyote.AbstractProtocol init
INFO: Initializing ProtocolHandler ["ajp-bio-8009"]
Mar 06, 2012 5:24:16 PM org.apache.catalina.startup.Catalina load
INFO: Initialization processed in 563 ms
Mar 06, 2012 5:24:16 PM org.apache.catalina.core.StandardService startInternal
INFO: Starting service Catalina
Mar 06, 2012 5:24:16 PM org.apache.catalina.core.StandardEngine startInternal
INFO: Starting Servlet Engine: Apache Tomcat/7.0.22
Mar 06, 2012 5:24:16 PM org.apache.catalina.startup.HostConfig deployDescriptor
INFO: Deploying configuration descriptor InfoRadiator.xml from C:\Users\Tom\project\semradiators2\Tom\Tomcat\conf\Catalina\localhost
Mar 06, 2012 5:24:16 PM org.apache.catalina.startup.HostConfig deployDescriptor
INFO: Deploying configuration descriptor manager.xml from C:\Users\Tom\project\semradiators2\Tom\Tomcat\conf\Catalina\localhost
Mar 06, 2012 5:24:16 PM org.apache.coyote.AbstractProtocol start
INFO: Starting ProtocolHandler ["http-bio-8080"]
Mar 06, 2012 5:24:16 PM org.apache.coyote.AbstractProtocol start
INFO: Starting ProtocolHandler ["ajp-bio-8009"]
Mar 06, 2012 5:24:16 PM org.apache.catalina.startup.Catalina start
INFO: Server startup in 598 ms
Mar 06, 2012 5:24:18 PM org.apache.catalina.startup.HostConfig checkResources
INFO: Undeploying context [/InfoRadiator]
Mar 06, 2012 5:24:18 PM org.apache.catalina.startup.HostConfig deployDescriptor
INFO: Deploying configuration descriptor InfoRadiator.xml from C:\Users\Tom\project\semradiators2\Tom\Tomcat\conf\Catalina\localhost
Mar 06, 2012 5:24:18 PM org.apache.catalina.util.LifecycleBase start
INFO: The start() method was called on component [StandardEngine[Catalina].StandardHost[localhost].StandardContext[/InfoRadiator]] after start() had already been called. The second call will be ignored.
Mar 06, 2012 5:24:39 PM org.apache.catalina.startup.HostConfig checkResources
INFO: Undeploying context [/InfoRadiator]
Mar 06, 2012 5:24:39 PM org.apache.catalina.startup.HostConfig deployDescriptor
INFO: Deploying configuration descriptor InfoRadiator.xml from C:\Users\Tom\project\semradiators2\Tom\Tomcat\conf\Catalina\localhost
Mar 06, 2012 5:24:39 PM org.apache.catalina.util.LifecycleBase start
INFO: The start() method was called on component [StandardEngine[Catalina].StandardHost[localhost].StandardContext[/InfoRadiator]] after start() had already been called. The second call will be ignored.
Mar 06, 2012 5:25:25 PM org.apache.catalina.startup.HostConfig checkResources
INFO: Undeploying context [/InfoRadiator]
Mar 06, 2012 5:25:44 PM org.apache.catalina.startup.HostConfig deployDescriptor
INFO: Deploying configuration descriptor InfoRadiator.xml from C:\Users\Tom\project\semradiators2\Tom\Tomcat\conf\Catalina\localhost
Mar 06, 2012 5:25:45 PM org.apache.catalina.util.LifecycleBase start
INFO: The start() method was called on component [StandardEngine[Catalina].StandardHost[localhost].StandardContext[/InfoRadiator]] after start() had already been called. The second call will be ignored.
Mar 06, 2012 5:26:32 PM org.apache.catalina.startup.HostConfig checkResources
INFO: Undeploying context [/InfoRadiator]
Mar 06, 2012 5:26:32 PM org.apache.catalina.startup.HostConfig deployDescriptor
INFO: Deploying configuration descriptor InfoRadiator.xml from C:\Users\Tom\project\semradiators2\Tom\Tomcat\conf\Catalina\localhost
Mar 06, 2012 5:26:32 PM org.apache.catalina.util.LifecycleBase start
INFO: The start() method was called on component [StandardEngine[Catalina].StandardHost[localhost].StandardContext[/InfoRadiator]] after start() had already been called. The second call will be ignored.
Mar 06, 2012 5:28:42 PM org.apache.catalina.startup.HostConfig checkResources
INFO: Undeploying context [/InfoRadiator]
Mar 06, 2012 5:28:42 PM org.apache.catalina.startup.HostConfig deployDescriptor
INFO: Deploying configuration descriptor InfoRadiator.xml from C:\Users\Tom\project\semradiators2\Tom\Tomcat\conf\Catalina\localhost
Mar 06, 2012 5:28:42 PM org.apache.catalina.util.LifecycleBase start
INFO: The start() method was called on component [StandardEngine[Catalina].StandardHost[localhost].StandardContext[/InfoRadiator]] after start() had already been called. The second call will be ignored.
Mar 06, 2012 5:29:13 PM org.apache.catalina.startup.HostConfig checkResources
INFO: Undeploying context [/InfoRadiator]
Mar 06, 2012 5:29:13 PM org.apache.catalina.startup.HostConfig deployDescriptor
INFO: Deploying configuration descriptor InfoRadiator.xml from C:\Users\Tom\project\semradiators2\Tom\Tomcat\conf\Catalina\localhost
Mar 06, 2012 5:29:13 PM org.apache.catalina.util.LifecycleBase start
INFO: The start() method was called on component [StandardEngine[Catalina].StandardHost[localhost].StandardContext[/InfoRadiator]] after start() had already been called. The second call will be ignored.
Mar 06, 2012 5:32:28 PM org.apache.catalina.loader.WebappClassLoader clearReferencesThreads
SEVERE: The web application [/InfoRadiator] appears to have started a thread named [MultiThreadedHttpConnectionManager cleanup] but has failed to stop it. This is very likely to create a memory leak.
Mar 06, 2012 5:32:28 PM org.apache.catalina.loader.WebappClassLoader checkThreadLocalMapForLeaks
SEVERE: The web application [/InfoRadiator] created a ThreadLocal with key of type [com.sun.syndication.feed.impl.ToStringBean$1] (value [com.sun.syndication.feed.impl.ToStringBean$1@2da89e20]) and a value of type [java.util.Stack] (value [[]]) but failed to remove it when the web application was stopped. Threads are going to be renewed over time to try and avoid a probable memory leak. 
Mar 06, 2012 5:32:28 PM org.apache.catalina.loader.WebappClassLoader checkThreadLocalMapForLeaks
SEVERE: The web application [/InfoRadiator] created a ThreadLocal with key of type [com.sun.syndication.feed.impl.ToStringBean$1] (value [com.sun.syndication.feed.impl.ToStringBean$1@2da89e20]) and a value of type [java.util.Stack] (value [[]]) but failed to remove it when the web application was stopped. Threads are going to be renewed over time to try and avoid a probable memory leak. 
Mar 06, 2012 5:32:29 PM org.apache.catalina.startup.HostConfig checkResources
INFO: Undeploying context [/InfoRadiator]
Mar 06, 2012 5:32:29 PM org.apache.catalina.startup.HostConfig deployDescriptor
INFO: Deploying configuration descriptor InfoRadiator.xml from C:\Users\Tom\project\semradiators2\Tom\Tomcat\conf\Catalina\localhost
Mar 06, 2012 5:32:29 PM org.apache.catalina.util.LifecycleBase start
INFO: The start() method was called on component [StandardEngine[Catalina].StandardHost[localhost].StandardContext[/InfoRadiator]] after start() had already been called. The second call will be ignored.
