Mar 09, 2012 9:49:46 AM org.apache.catalina.core.AprLifecycleListener init
INFO: The APR based Apache Tomcat Native library which allows optimal performance in production environments was not found on the java.library.path: C:\Program Files\Java\jdk1.7.0_01\bin;C:\Windows\Sun\Java\bin;C:\Windows\system32;C:\Windows;C:\Windows\system32;C:\Windows;C:\Windows\System32\Wbem;C:\Windows\System32\WindowsPowerShell\v1.0\;C:\Program Files (x86)\ATI Technologies\ATI.ACE\Core-Static;C:\Program Files(x86)\apache-maven-3.0.4\bin;C:\Program Files (x86)\Git\cmd;c:\program files (x86)\apache-maven-3.0.4\bin;;.
Mar 09, 2012 9:49:46 AM org.apache.coyote.AbstractProtocol init
INFO: Initializing ProtocolHandler ["http-bio-8080"]
Mar 09, 2012 9:49:46 AM org.apache.coyote.AbstractProtocol init
INFO: Initializing ProtocolHandler ["ajp-bio-8009"]
Mar 09, 2012 9:49:46 AM org.apache.catalina.startup.Catalina load
INFO: Initialization processed in 447 ms
Mar 09, 2012 9:49:46 AM org.apache.catalina.core.StandardService startInternal
INFO: Starting service Catalina
Mar 09, 2012 9:49:46 AM org.apache.catalina.core.StandardEngine startInternal
INFO: Starting Servlet Engine: Apache Tomcat/7.0.22
Mar 09, 2012 9:49:46 AM org.apache.catalina.startup.HostConfig deployDescriptor
INFO: Deploying configuration descriptor InfoRadiator.xml from C:\Users\Tom\project\semradiators2\Tom\Tomcat\conf\Catalina\localhost
Mar 09, 2012 9:49:47 AM org.apache.catalina.startup.HostConfig deployDescriptor
INFO: Deploying configuration descriptor manager.xml from C:\Users\Tom\project\semradiators2\Tom\Tomcat\conf\Catalina\localhost
Mar 09, 2012 9:49:47 AM org.apache.coyote.AbstractProtocol start
INFO: Starting ProtocolHandler ["http-bio-8080"]
Mar 09, 2012 9:49:47 AM org.apache.coyote.AbstractProtocol start
INFO: Starting ProtocolHandler ["ajp-bio-8009"]
Mar 09, 2012 9:49:47 AM org.apache.catalina.startup.Catalina start
INFO: Server startup in 544 ms
Mar 09, 2012 9:49:48 AM org.apache.catalina.startup.HostConfig checkResources
INFO: Undeploying context [/InfoRadiator]
Mar 09, 2012 9:49:48 AM org.apache.catalina.startup.HostConfig deployDescriptor
INFO: Deploying configuration descriptor InfoRadiator.xml from C:\Users\Tom\project\semradiators2\Tom\Tomcat\conf\Catalina\localhost
Mar 09, 2012 9:49:48 AM org.apache.catalina.util.LifecycleBase start
INFO: The start() method was called on component [StandardEngine[Catalina].StandardHost[localhost].StandardContext[/InfoRadiator]] after start() had already been called. The second call will be ignored.
Mar 09, 2012 9:54:16 AM org.apache.catalina.startup.HostConfig deployDescriptor
INFO: Deploying configuration descriptor ROOT.xml from C:\Users\Tom\project\semradiators2\Tom\Tomcat\conf\Catalina\localhost
Mar 09, 2012 9:54:16 AM org.apache.catalina.util.LifecycleBase start
INFO: The start() method was called on component [StandardEngine[Catalina].StandardHost[localhost].StandardContext[]] after start() had already been called. The second call will be ignored.
Mar 09, 2012 10:02:08 AM org.apache.catalina.loader.WebappClassLoader clearReferencesThreads
SEVERE: The web application [] appears to have started a thread named [MultiThreadedHttpConnectionManager cleanup] but has failed to stop it. This is very likely to create a memory leak.
Mar 09, 2012 10:02:08 AM org.apache.catalina.loader.WebappClassLoader clearReferencesThreads
SEVERE: The web application [] appears to have started a thread named [Timer-0] but has failed to stop it. This is very likely to create a memory leak.
Mar 09, 2012 10:02:08 AM org.apache.catalina.loader.WebappClassLoader checkThreadLocalMapForLeaks
SEVERE: The web application [] created a ThreadLocal with key of type [com.sun.syndication.feed.impl.ToStringBean$1] (value [com.sun.syndication.feed.impl.ToStringBean$1@53131a5c]) and a value of type [java.util.Stack] (value [[]]) but failed to remove it when the web application was stopped. Threads are going to be renewed over time to try and avoid a probable memory leak. 
Mar 09, 2012 10:02:08 AM org.apache.catalina.loader.WebappClassLoader checkThreadLocalMapForLeaks
SEVERE: The web application [] created a ThreadLocal with key of type [org.tmatesoft.svn.core.internal.io.dav.http.HTTPParser$1] (value [org.tmatesoft.svn.core.internal.io.dav.http.HTTPParser$1@5cca1618]) and a value of type [byte[]] (value [[B@5770b13f]) but failed to remove it when the web application was stopped. Threads are going to be renewed over time to try and avoid a probable memory leak. 
Mar 09, 2012 10:02:08 AM org.apache.catalina.loader.WebappClassLoader checkThreadLocalMapForLeaks
SEVERE: The web application [] created a ThreadLocal with key of type [com.sun.syndication.feed.impl.ToStringBean$1] (value [com.sun.syndication.feed.impl.ToStringBean$1@53131a5c]) and a value of type [java.util.Stack] (value [[]]) but failed to remove it when the web application was stopped. Threads are going to be renewed over time to try and avoid a probable memory leak. 
Mar 09, 2012 10:02:08 AM org.apache.catalina.loader.WebappClassLoader checkThreadLocalMapForLeaks
SEVERE: The web application [] created a ThreadLocal with key of type [org.tmatesoft.svn.core.internal.io.dav.http.HTTPParser$1] (value [org.tmatesoft.svn.core.internal.io.dav.http.HTTPParser$1@5cca1618]) and a value of type [byte[]] (value [[B@7f699122]) but failed to remove it when the web application was stopped. Threads are going to be renewed over time to try and avoid a probable memory leak. 
Mar 09, 2012 10:02:09 AM org.apache.catalina.startup.HostConfig checkResources
INFO: Undeploying context []
Mar 09, 2012 10:02:09 AM org.apache.catalina.startup.HostConfig deployDescriptor
INFO: Deploying configuration descriptor ROOT.xml from C:\Users\Tom\project\semradiators2\Tom\Tomcat\conf\Catalina\localhost
Mar 09, 2012 10:02:09 AM org.apache.catalina.util.LifecycleBase start
INFO: The start() method was called on component [StandardEngine[Catalina].StandardHost[localhost].StandardContext[]] after start() had already been called. The second call will be ignored.
Mar 09, 2012 10:13:52 AM org.apache.catalina.loader.WebappClassLoader clearReferencesThreads
SEVERE: The web application [] appears to have started a thread named [MultiThreadedHttpConnectionManager cleanup] but has failed to stop it. This is very likely to create a memory leak.
Mar 09, 2012 10:13:52 AM org.apache.catalina.loader.WebappClassLoader clearReferencesThreads
SEVERE: The web application [] appears to have started a thread named [Timer-1] but has failed to stop it. This is very likely to create a memory leak.
Mar 09, 2012 10:13:52 AM org.apache.catalina.loader.WebappClassLoader checkThreadLocalMapForLeaks
SEVERE: The web application [] created a ThreadLocal with key of type [org.tmatesoft.svn.core.internal.io.dav.http.HTTPParser$1] (value [org.tmatesoft.svn.core.internal.io.dav.http.HTTPParser$1@6dafda97]) and a value of type [byte[]] (value [[B@343827c3]) but failed to remove it when the web application was stopped. Threads are going to be renewed over time to try and avoid a probable memory leak. 
Mar 09, 2012 10:13:52 AM org.apache.catalina.loader.WebappClassLoader checkThreadLocalMapForLeaks
SEVERE: The web application [] created a ThreadLocal with key of type [com.sun.syndication.feed.impl.ToStringBean$1] (value [com.sun.syndication.feed.impl.ToStringBean$1@52ba8dfd]) and a value of type [java.util.Stack] (value [[]]) but failed to remove it when the web application was stopped. Threads are going to be renewed over time to try and avoid a probable memory leak. 
Mar 09, 2012 10:13:52 AM org.apache.catalina.loader.WebappClassLoader checkThreadLocalMapForLeaks
SEVERE: The web application [] created a ThreadLocal with key of type [com.sun.syndication.feed.impl.ToStringBean$1] (value [com.sun.syndication.feed.impl.ToStringBean$1@52ba8dfd]) and a value of type [java.util.Stack] (value [[]]) but failed to remove it when the web application was stopped. Threads are going to be renewed over time to try and avoid a probable memory leak. 
Mar 09, 2012 10:13:52 AM org.apache.catalina.loader.WebappClassLoader checkThreadLocalMapForLeaks
SEVERE: The web application [] created a ThreadLocal with key of type [org.tmatesoft.svn.core.internal.io.dav.http.HTTPParser$1] (value [org.tmatesoft.svn.core.internal.io.dav.http.HTTPParser$1@6dafda97]) and a value of type [byte[]] (value [[B@322ac4ea]) but failed to remove it when the web application was stopped. Threads are going to be renewed over time to try and avoid a probable memory leak. 
Mar 09, 2012 10:13:52 AM org.apache.catalina.loader.WebappClassLoader checkThreadLocalMapForLeaks
SEVERE: The web application [] created a ThreadLocal with key of type [com.sun.syndication.feed.impl.ToStringBean$1] (value [com.sun.syndication.feed.impl.ToStringBean$1@52ba8dfd]) and a value of type [java.util.Stack] (value [[]]) but failed to remove it when the web application was stopped. Threads are going to be renewed over time to try and avoid a probable memory leak. 
Mar 09, 2012 10:13:52 AM org.apache.catalina.loader.WebappClassLoader checkThreadLocalMapForLeaks
SEVERE: The web application [] created a ThreadLocal with key of type [org.tmatesoft.svn.core.internal.io.dav.http.HTTPParser$1] (value [org.tmatesoft.svn.core.internal.io.dav.http.HTTPParser$1@6dafda97]) and a value of type [byte[]] (value [[B@2d15b382]) but failed to remove it when the web application was stopped. Threads are going to be renewed over time to try and avoid a probable memory leak. 
Mar 09, 2012 10:13:52 AM org.apache.catalina.loader.WebappClassLoader checkThreadLocalMapForLeaks
SEVERE: The web application [] created a ThreadLocal with key of type [com.sun.syndication.feed.impl.ToStringBean$1] (value [com.sun.syndication.feed.impl.ToStringBean$1@52ba8dfd]) and a value of type [java.util.Stack] (value [[]]) but failed to remove it when the web application was stopped. Threads are going to be renewed over time to try and avoid a probable memory leak. 
Mar 09, 2012 10:13:52 AM org.apache.catalina.loader.WebappClassLoader checkThreadLocalMapForLeaks
SEVERE: The web application [] created a ThreadLocal with key of type [org.tmatesoft.svn.core.internal.io.dav.http.HTTPParser$1] (value [org.tmatesoft.svn.core.internal.io.dav.http.HTTPParser$1@6dafda97]) and a value of type [byte[]] (value [[B@10b39cdd]) but failed to remove it when the web application was stopped. Threads are going to be renewed over time to try and avoid a probable memory leak. 
Mar 09, 2012 10:13:53 AM org.apache.catalina.startup.HostConfig checkResources
INFO: Undeploying context []
Mar 09, 2012 10:13:53 AM org.apache.catalina.startup.HostConfig deployDescriptor
INFO: Deploying configuration descriptor ROOT.xml from C:\Users\Tom\project\semradiators2\Tom\Tomcat\conf\Catalina\localhost
Mar 09, 2012 10:13:53 AM org.apache.catalina.util.LifecycleBase start
INFO: The start() method was called on component [StandardEngine[Catalina].StandardHost[localhost].StandardContext[]] after start() had already been called. The second call will be ignored.
Mar 09, 2012 10:19:25 AM org.apache.catalina.loader.WebappClassLoader clearReferencesThreads
SEVERE: The web application [] appears to have started a thread named [MultiThreadedHttpConnectionManager cleanup] but has failed to stop it. This is very likely to create a memory leak.
Mar 09, 2012 10:19:25 AM org.apache.catalina.loader.WebappClassLoader clearReferencesThreads
SEVERE: The web application [] appears to have started a thread named [Timer-2] but has failed to stop it. This is very likely to create a memory leak.
Mar 09, 2012 10:19:25 AM org.apache.catalina.loader.WebappClassLoader checkThreadLocalMapForLeaks
SEVERE: The web application [] created a ThreadLocal with key of type [com.sun.syndication.feed.impl.ToStringBean$1] (value [com.sun.syndication.feed.impl.ToStringBean$1@5f025395]) and a value of type [java.util.Stack] (value [[]]) but failed to remove it when the web application was stopped. Threads are going to be renewed over time to try and avoid a probable memory leak. 
Mar 09, 2012 10:19:25 AM org.apache.catalina.loader.WebappClassLoader checkThreadLocalMapForLeaks
SEVERE: The web application [] created a ThreadLocal with key of type [org.tmatesoft.svn.core.internal.io.dav.http.HTTPParser$1] (value [org.tmatesoft.svn.core.internal.io.dav.http.HTTPParser$1@11bd8bee]) and a value of type [byte[]] (value [[B@332dbf5b]) but failed to remove it when the web application was stopped. Threads are going to be renewed over time to try and avoid a probable memory leak. 
Mar 09, 2012 10:19:25 AM org.apache.catalina.loader.WebappClassLoader checkThreadLocalMapForLeaks
SEVERE: The web application [] created a ThreadLocal with key of type [com.sun.syndication.feed.impl.ToStringBean$1] (value [com.sun.syndication.feed.impl.ToStringBean$1@5f025395]) and a value of type [java.util.Stack] (value [[]]) but failed to remove it when the web application was stopped. Threads are going to be renewed over time to try and avoid a probable memory leak. 
Mar 09, 2012 10:19:25 AM org.apache.catalina.loader.WebappClassLoader checkThreadLocalMapForLeaks
SEVERE: The web application [] created a ThreadLocal with key of type [org.tmatesoft.svn.core.internal.io.dav.http.HTTPParser$1] (value [org.tmatesoft.svn.core.internal.io.dav.http.HTTPParser$1@11bd8bee]) and a value of type [byte[]] (value [[B@383922a3]) but failed to remove it when the web application was stopped. Threads are going to be renewed over time to try and avoid a probable memory leak. 
Mar 09, 2012 10:19:25 AM org.apache.catalina.loader.WebappClassLoader checkThreadLocalMapForLeaks
SEVERE: The web application [] created a ThreadLocal with key of type [com.sun.syndication.feed.impl.ToStringBean$1] (value [com.sun.syndication.feed.impl.ToStringBean$1@5f025395]) and a value of type [java.util.Stack] (value [[]]) but failed to remove it when the web application was stopped. Threads are going to be renewed over time to try and avoid a probable memory leak. 
Mar 09, 2012 10:19:25 AM org.apache.catalina.loader.WebappClassLoader checkThreadLocalMapForLeaks
SEVERE: The web application [] created a ThreadLocal with key of type [org.tmatesoft.svn.core.internal.io.dav.http.HTTPParser$1] (value [org.tmatesoft.svn.core.internal.io.dav.http.HTTPParser$1@11bd8bee]) and a value of type [byte[]] (value [[B@b49c731]) but failed to remove it when the web application was stopped. Threads are going to be renewed over time to try and avoid a probable memory leak. 
Mar 09, 2012 10:19:26 AM org.apache.catalina.startup.HostConfig checkResources
INFO: Undeploying context []
Mar 09, 2012 10:19:26 AM org.apache.catalina.startup.HostConfig deployDescriptor
INFO: Deploying configuration descriptor ROOT.xml from C:\Users\Tom\project\semradiators2\Tom\Tomcat\conf\Catalina\localhost
Mar 09, 2012 10:19:27 AM org.apache.catalina.util.LifecycleBase start
INFO: The start() method was called on component [StandardEngine[Catalina].StandardHost[localhost].StandardContext[]] after start() had already been called. The second call will be ignored.
